#-----------------------------------------------------------
# Vivado v2022.1 (64-bit)
# SW Build 3526262 on Mon Apr 18 15:47:01 MDT 2022
# IP Build 3524634 on Mon Apr 18 20:55:01 MDT 2022
# Start of session at: Wed Nov 27 16:36:32 2024
# Process ID: 291178
# Current directory: /scratch/anubhav/Coyote/examples_hw/build_hw_8
# Command line: vivado -mode tcl -source /scratch/anubhav/Coyote/examples_hw/build_hw_8/flow_link.tcl -notrace
# Log file: /scratch/anubhav/Coyote/examples_hw/build_hw_8/vivado.log
# Journal file: /scratch/anubhav/Coyote/examples_hw/build_hw_8/vivado.jou
# Running On: amy, OS: Linux, CPU Frequency: 1500.000 MHz, CPU Physical cores: 32, Host memory: 2143237 MB
#-----------------------------------------------------------
source /scratch/anubhav/Coyote/examples_hw/build_hw_8/flow_link.tcl -notrace
[1m[36m** Starting shell linking ...(B[m
[1m[36m**(B[m
Command: link_design -mode default -reconfig_partitions inst_shell -part xcu280-fsvh2892-2L-e -top cyt_top
Design is defaulting to srcset: sources_1
Design is defaulting to constrset: constrs_1
INFO: [Device 21-403] Loading part xcu280-fsvh2892-2L-e
INFO: [Project 1-454] Reading design checkpoint '/scratch/anubhav/Coyote/examples_hw/build_hw_8/checkpoints/shell/shell_synthed.dcp' for cell 'inst_shell'
INFO: [Project 1-454] Reading design checkpoint '/scratch/anubhav/Coyote/examples_hw/build_hw_8/checkpoints/config_0/user_synthed_c0_0.dcp' for cell 'inst_shell/inst_dynamic/inst_user_wrapper_0'
Netlist sorting complete. Time (s): cpu = 00:00:03 ; elapsed = 00:00:03 . Memory (MB): peak = 4252.254 ; gain = 0.000 ; free physical = 217694 ; free virtual = 278703
INFO: [Netlist 29-17] Analyzing 5425 Unisim elements for replacement
INFO: [Netlist 29-28] Unisim Transformation completed in 1 CPU seconds
INFO: [Project 1-479] Netlist was created with Vivado 2022.1
INFO: [Project 1-570] Preparing netlist for logic optimization
WARNING: [Opt 31-32] Removing redundant IBUF since it is not being driven by a top-level port. inst_shell/inst_shell_ctrl_cc/inst_design_ctrl/clk_wiz_0/inst/clkin1_ibuf 
Resolution: The tool has removed redundant IBUF. To resolve this warning, check for redundant IBUF in the input design.
WARNING: [Constraints 18-550] Could not create 'IBUF_LOW_PWR' constraint because net 'inst_shell/xclk' is not directly connected to top level port. Synthesis is ignored for IBUF_LOW_PWR but preserved for implementation.
WARNING: [Constraints 18-550] Could not create 'IBUF_LOW_PWR' constraint because net 'inst_static/inst_int_static/clk_wiz_0/clk_in1' is not directly connected to top level port. Synthesis is ignored for IBUF_LOW_PWR but preserved for implementation.
INFO: [Chipscope 16-324] Core: inst_shell/inst_vio_shell_xstats_ch0 UUID: 452c765d-c623-5432-af42-6bc675a5ab14 
Parsing XDC File [/scratch/anubhav/Coyote/hw/checkpoints/static_routed_locked_u280/cyt_top_board.xdc]
Finished Parsing XDC File [/scratch/anubhav/Coyote/hw/checkpoints/static_routed_locked_u280/cyt_top_board.xdc]
Parsing XDC File [/scratch/anubhav/Coyote/hw/checkpoints/static_routed_locked_u280/cyt_top_early.xdc]
INFO: [Timing 38-35] Done setting XDC timing constraints. [/scratch/anubhav/Coyote/examples_hw/build_hw/test_static/test.gen/sources_1/bd/design_static/ip/design_static_xdma_0_0/ip_0/source/ip_pcie4c_uscale_plus_x1y1.xdc:227]
set_switching_activity: Time (s): cpu = 00:01:53 ; elapsed = 00:00:49 . Memory (MB): peak = 6850.918 ; gain = 1986.855 ; free physical = 215546 ; free virtual = 276555
INFO: [Timing 38-2] Deriving generated clocks [/scratch/anubhav/Coyote/examples_hw/build_hw/test_static/test.gen/sources_1/bd/design_static/ip/design_static_clk_wiz_0_0/design_static_clk_wiz_0_0.xdc:57]
Finished Parsing XDC File [/scratch/anubhav/Coyote/hw/checkpoints/static_routed_locked_u280/cyt_top_early.xdc]
Parsing XDC File [/scratch/anubhav/Coyote/examples_hw/build_hw_8/checkpoints/shell/shell_synthed/shell_top_board.xdc] for cell 'inst_shell'
Finished Parsing XDC File [/scratch/anubhav/Coyote/examples_hw/build_hw_8/checkpoints/shell/shell_synthed/shell_top_board.xdc] for cell 'inst_shell'
Parsing XDC File [/scratch/anubhav/Coyote/examples_hw/build_hw_8/checkpoints/shell/shell_synthed/shell_top_early.xdc] for cell 'inst_shell'
INFO: [Timing 38-2] Deriving generated clocks [/scratch/anubhav/Coyote/examples_hw/build_hw_8/test_shell/test.gen/sources_1/bd/design_ctrl/ip/design_ctrl_clk_wiz_0_0/design_ctrl_clk_wiz_0_0.xdc:57]
Finished Parsing XDC File [/scratch/anubhav/Coyote/examples_hw/build_hw_8/checkpoints/shell/shell_synthed/shell_top_early.xdc] for cell 'inst_shell'
Parsing XDC File [/scratch/anubhav/Coyote/examples_hw/build_hw_8/checkpoints/config_0/user_synthed_c0_0/design_user_wrapper_0_early.xdc] for cell 'inst_shell/inst_dynamic/inst_user_wrapper_0'
Finished Parsing XDC File [/scratch/anubhav/Coyote/examples_hw/build_hw_8/checkpoints/config_0/user_synthed_c0_0/design_user_wrapper_0_early.xdc] for cell 'inst_shell/inst_dynamic/inst_user_wrapper_0'
Parsing XDC File [/scratch/anubhav/Coyote/hw/constraints/u280/shell/impl/u280_shell_debug.xdc]
Finished Parsing XDC File [/scratch/anubhav/Coyote/hw/constraints/u280/shell/impl/u280_shell_debug.xdc]
Parsing XDC File [/scratch/anubhav/Coyote/hw/constraints/u280/dynamic/impl/u280_shell_net_1.xdc]
Finished Parsing XDC File [/scratch/anubhav/Coyote/hw/constraints/u280/dynamic/impl/u280_shell_net_1.xdc]
Parsing XDC File [/scratch/anubhav/Coyote/hw/constraints/u280/dynamic/impl/u280_shell_hbm.xdc]
Finished Parsing XDC File [/scratch/anubhav/Coyote/hw/constraints/u280/dynamic/impl/u280_shell_hbm.xdc]
Parsing XDC File [/scratch/anubhav/Coyote/hw/constraints/u280/dynamic/impl/u280_shell_net_0.xdc]
Finished Parsing XDC File [/scratch/anubhav/Coyote/hw/constraints/u280/dynamic/impl/u280_shell_net_0.xdc]
Parsing XDC File [/scratch/anubhav/Coyote/hw/constraints/u280/dynamic/impl/u280_shell_ddr_0.xdc]
CRITICAL WARNING: [Vivado 12-1411] Cannot set LOC property of ports, Terminal c0_sys_clk_n cannot be placed on BJ44 (IOB_X0Y76) because the pad is already occupied by terminal hbm_clk_clk_n[0] possibly due to user constraint [/scratch/anubhav/Coyote/hw/constraints/u280/dynamic/impl/u280_shell_ddr_0.xdc:142]
CRITICAL WARNING: [Vivado 12-1411] Cannot set LOC property of ports, Terminal c0_sys_clk_p cannot be placed on BJ43 (IOB_X0Y75) because the pad is already occupied by terminal hbm_clk_clk_p[0] possibly due to user constraint [/scratch/anubhav/Coyote/hw/constraints/u280/dynamic/impl/u280_shell_ddr_0.xdc:143]
Finished Parsing XDC File [/scratch/anubhav/Coyote/hw/constraints/u280/dynamic/impl/u280_shell_ddr_0.xdc]
Parsing XDC File [/scratch/anubhav/Coyote/hw/constraints/u280/dynamic/impl/u280_shell_ddr_1.xdc]
Finished Parsing XDC File [/scratch/anubhav/Coyote/hw/constraints/u280/dynamic/impl/u280_shell_ddr_1.xdc]
Parsing XDC File [/scratch/anubhav/Coyote/hw/checkpoints/static_routed_locked_u280/cyt_top.xdc]
INFO: [Constraints 18-4422] SNAPPING_MODE is set so implementation will use the DERIVED_RANGES which may be different then the GRID_RANGES. [/scratch/anubhav/Coyote/hw/constraints/u280/fplan/u280_static_floorplan.xdc:1]
INFO: [Constraints 18-4421] A LAGUNA range, without usable sites, was added to DERIVED_RANGES for purposes of keeping the Programmable Unit together within the reconfigurable pblock. [/scratch/anubhav/Coyote/hw/constraints/u280/fplan/u280_static_floorplan.xdc:1]
resize_pblock: Time (s): cpu = 00:00:06 ; elapsed = 00:00:06 . Memory (MB): peak = 6850.918 ; gain = 0.000 ; free physical = 215188 ; free virtual = 276198
INFO: [Timing 38-2] Deriving generated clocks [/scratch/anubhav/Coyote/examples_hw/build_hw/.Xil/Vivado-2720943-amy/xsdbm_CV.0/out/xsdbm_gc_late_late.xdc:55]
all_fanout: Time (s): cpu = 00:00:30 ; elapsed = 00:00:09 . Memory (MB): peak = 6850.918 ; gain = 0.000 ; free physical = 215639 ; free virtual = 276649
Finished Parsing XDC File [/scratch/anubhav/Coyote/hw/checkpoints/static_routed_locked_u280/cyt_top.xdc]
Parsing XDC File [/scratch/anubhav/Coyote/hw/checkpoints/static_routed_locked_u280/cyt_top_late.xdc]
Finished Parsing XDC File [/scratch/anubhav/Coyote/hw/checkpoints/static_routed_locked_u280/cyt_top_late.xdc]
Reading XDEF placement.
Reading placer database...
Reading XDEF routing.
Read XDEF Files: Time (s): cpu = 00:00:08 ; elapsed = 00:00:09 . Memory (MB): peak = 6969.965 ; gain = 119.047 ; free physical = 215589 ; free virtual = 276598
Restored from archive | CPU: 8.830000 secs | Memory: 177.119736 MB |
Finished XDEF File Restore: Time (s): cpu = 00:00:08 ; elapsed = 00:00:09 . Memory (MB): peak = 6969.965 ; gain = 119.047 ; free physical = 215589 ; free virtual = 276599
WARNING: [Constraints 18-4434] Global Clock Buffer 'inst_static/inst_debug_bridge/inst/bs_switch/inst/BSCAN_SWITCH.N_EXT_BSCAN.u_bufg_icon_tck' is LOCed to site 'BUFGCE_X0Y73'. Using a LOC constraint to assign the placement of a Global Clock Buffer can result in sub-optimal placement results.
Resolution: Remove the LOC constraint and use the CLOCK_REGION constraint to assign a Global Clock Buffer to a CLOCK_REGION.
WARNING: [Constraints 18-4434] Global Clock Buffer 'inst_static/inst_int_static/clk_wiz_0/inst/BUFGCE_DIV_CLK2_inst' is LOCed to site 'BUFGCE_DIV_X0Y12'. Using a LOC constraint to assign the placement of a Global Clock Buffer can result in sub-optimal placement results.
Resolution: Remove the LOC constraint and use the CLOCK_REGION constraint to assign a Global Clock Buffer to a CLOCK_REGION.
WARNING: [Constraints 18-4434] Global Clock Buffer 'inst_static/inst_int_static/clk_wiz_0/inst/clkout1_buf' is LOCed to site 'BUFGCE_X0Y79'. Using a LOC constraint to assign the placement of a Global Clock Buffer can result in sub-optimal placement results.
Resolution: Remove the LOC constraint and use the CLOCK_REGION constraint to assign a Global Clock Buffer to a CLOCK_REGION.
WARNING: [Constraints 18-4434] Global Clock Buffer 'inst_static/inst_int_static/xdma_0/inst/pcie4c_ip_i/inst/bufg_gt_sysclk' is LOCed to site 'BUFG_GT_X1Y34'. Using a LOC constraint to assign the placement of a Global Clock Buffer can result in sub-optimal placement results.
Resolution: Remove the LOC constraint and use the CLOCK_REGION constraint to assign a Global Clock Buffer to a CLOCK_REGION.
WARNING: [Constraints 18-4434] Global Clock Buffer 'inst_static/inst_int_static/xdma_0/inst/pcie4c_ip_i/inst/design_static_xdma_0_0_pcie4c_ip_gt_top_i/diablo_gt.diablo_gt_phy_wrapper/gt_wizard.gtwizard_top_i/design_static_xdma_0_0_pcie4c_ip_gt_i/inst/gen_gtwizard_gtye4_top.design_static_xdma_0_0_pcie4c_ip_gt_gtwizard_gtye4_inst/gen_gtwizard_gtye4.gen_cpll_cal_gtye4.gen_cpll_cal_inst[0].gen_inst_cpll_cal.gtwizard_ultrascale_v1_7_13_gtye4_cpll_cal_inst/gtwizard_ultrascale_v1_7_13_gtye4_cpll_cal_tx_i/bufg_gt_txoutclkmon_inst' is LOCed to site 'BUFG_GT_X1Y2'. Using a LOC constraint to assign the placement of a Global Clock Buffer can result in sub-optimal placement results.
Resolution: Remove the LOC constraint and use the CLOCK_REGION constraint to assign a Global Clock Buffer to a CLOCK_REGION.
WARNING: [Constraints 18-4434] Global Clock Buffer 'inst_static/inst_int_static/xdma_0/inst/pcie4c_ip_i/inst/design_static_xdma_0_0_pcie4c_ip_gt_top_i/diablo_gt.diablo_gt_phy_wrapper/gt_wizard.gtwizard_top_i/design_static_xdma_0_0_pcie4c_ip_gt_i/inst/gen_gtwizard_gtye4_top.design_static_xdma_0_0_pcie4c_ip_gt_gtwizard_gtye4_inst/gen_gtwizard_gtye4.gen_cpll_cal_gtye4.gen_cpll_cal_inst[10].gen_inst_cpll_cal.gtwizard_ultrascale_v1_7_13_gtye4_cpll_cal_inst/gtwizard_ultrascale_v1_7_13_gtye4_cpll_cal_tx_i/bufg_gt_txoutclkmon_inst' is LOCed to site 'BUFG_GT_X1Y64'. Using a LOC constraint to assign the placement of a Global Clock Buffer can result in sub-optimal placement results.
Resolution: Remove the LOC constraint and use the CLOCK_REGION constraint to assign a Global Clock Buffer to a CLOCK_REGION.
WARNING: [Constraints 18-4434] Global Clock Buffer 'inst_static/inst_int_static/xdma_0/inst/pcie4c_ip_i/inst/design_static_xdma_0_0_pcie4c_ip_gt_top_i/diablo_gt.diablo_gt_phy_wrapper/gt_wizard.gtwizard_top_i/design_static_xdma_0_0_pcie4c_ip_gt_i/inst/gen_gtwizard_gtye4_top.design_static_xdma_0_0_pcie4c_ip_gt_gtwizard_gtye4_inst/gen_gtwizard_gtye4.gen_cpll_cal_gtye4.gen_cpll_cal_inst[11].gen_inst_cpll_cal.gtwizard_ultrascale_v1_7_13_gtye4_cpll_cal_inst/gtwizard_ultrascale_v1_7_13_gtye4_cpll_cal_tx_i/bufg_gt_txoutclkmon_inst' is LOCed to site 'BUFG_GT_X1Y54'. Using a LOC constraint to assign the placement of a Global Clock Buffer can result in sub-optimal placement results.
Resolution: Remove the LOC constraint and use the CLOCK_REGION constraint to assign a Global Clock Buffer to a CLOCK_REGION.
WARNING: [Constraints 18-4434] Global Clock Buffer 'inst_static/inst_int_static/xdma_0/inst/pcie4c_ip_i/inst/design_static_xdma_0_0_pcie4c_ip_gt_top_i/diablo_gt.diablo_gt_phy_wrapper/gt_wizard.gtwizard_top_i/design_static_xdma_0_0_pcie4c_ip_gt_i/inst/gen_gtwizard_gtye4_top.design_static_xdma_0_0_pcie4c_ip_gt_gtwizard_gtye4_inst/gen_gtwizard_gtye4.gen_cpll_cal_gtye4.gen_cpll_cal_inst[12].gen_inst_cpll_cal.gtwizard_ultrascale_v1_7_13_gtye4_cpll_cal_inst/gtwizard_ultrascale_v1_7_13_gtye4_cpll_cal_tx_i/bufg_gt_txoutclkmon_inst' is LOCed to site 'BUFG_GT_X1Y91'. Using a LOC constraint to assign the placement of a Global Clock Buffer can result in sub-optimal placement results.
Resolution: Remove the LOC constraint and use the CLOCK_REGION constraint to assign a Global Clock Buffer to a CLOCK_REGION.
WARNING: [Constraints 18-4434] Global Clock Buffer 'inst_static/inst_int_static/xdma_0/inst/pcie4c_ip_i/inst/design_static_xdma_0_0_pcie4c_ip_gt_top_i/diablo_gt.diablo_gt_phy_wrapper/gt_wizard.gtwizard_top_i/design_static_xdma_0_0_pcie4c_ip_gt_i/inst/gen_gtwizard_gtye4_top.design_static_xdma_0_0_pcie4c_ip_gt_gtwizard_gtye4_inst/gen_gtwizard_gtye4.gen_cpll_cal_gtye4.gen_cpll_cal_inst[13].gen_inst_cpll_cal.gtwizard_ultrascale_v1_7_13_gtye4_cpll_cal_inst/gtwizard_ultrascale_v1_7_13_gtye4_cpll_cal_tx_i/bufg_gt_txoutclkmon_inst' is LOCed to site 'BUFG_GT_X1Y95'. Using a LOC constraint to assign the placement of a Global Clock Buffer can result in sub-optimal placement results.
Resolution: Remove the LOC constraint and use the CLOCK_REGION constraint to assign a Global Clock Buffer to a CLOCK_REGION.
WARNING: [Constraints 18-4434] Global Clock Buffer 'inst_static/inst_int_static/xdma_0/inst/pcie4c_ip_i/inst/design_static_xdma_0_0_pcie4c_ip_gt_top_i/diablo_gt.diablo_gt_phy_wrapper/gt_wizard.gtwizard_top_i/design_static_xdma_0_0_pcie4c_ip_gt_i/inst/gen_gtwizard_gtye4_top.design_static_xdma_0_0_pcie4c_ip_gt_gtwizard_gtye4_inst/gen_gtwizard_gtye4.gen_cpll_cal_gtye4.gen_cpll_cal_inst[14].gen_inst_cpll_cal.gtwizard_ultrascale_v1_7_13_gtye4_cpll_cal_inst/gtwizard_ultrascale_v1_7_13_gtye4_cpll_cal_tx_i/bufg_gt_txoutclkmon_inst' is LOCed to site 'BUFG_GT_X1Y89'. Using a LOC constraint to assign the placement of a Global Clock Buffer can result in sub-optimal placement results.
Resolution: Remove the LOC constraint and use the CLOCK_REGION constraint to assign a Global Clock Buffer to a CLOCK_REGION.
WARNING: [Constraints 18-4434] Global Clock Buffer 'inst_static/inst_int_static/xdma_0/inst/pcie4c_ip_i/inst/design_static_xdma_0_0_pcie4c_ip_gt_top_i/diablo_gt.diablo_gt_phy_wrapper/gt_wizard.gtwizard_top_i/design_static_xdma_0_0_pcie4c_ip_gt_i/inst/gen_gtwizard_gtye4_top.design_static_xdma_0_0_pcie4c_ip_gt_gtwizard_gtye4_inst/gen_gtwizard_gtye4.gen_cpll_cal_gtye4.gen_cpll_cal_inst[15].gen_inst_cpll_cal.gtwizard_ultrascale_v1_7_13_gtye4_cpll_cal_inst/gtwizard_ultrascale_v1_7_13_gtye4_cpll_cal_tx_i/bufg_gt_txoutclkmon_inst' is LOCed to site 'BUFG_GT_X1Y87'. Using a LOC constraint to assign the placement of a Global Clock Buffer can result in sub-optimal placement results.
Resolution: Remove the LOC constraint and use the CLOCK_REGION constraint to assign a Global Clock Buffer to a CLOCK_REGION.
WARNING: [Constraints 18-4434] Global Clock Buffer 'inst_static/inst_int_static/xdma_0/inst/pcie4c_ip_i/inst/design_static_xdma_0_0_pcie4c_ip_gt_top_i/diablo_gt.diablo_gt_phy_wrapper/gt_wizard.gtwizard_top_i/design_static_xdma_0_0_pcie4c_ip_gt_i/inst/gen_gtwizard_gtye4_top.design_static_xdma_0_0_pcie4c_ip_gt_gtwizard_gtye4_inst/gen_gtwizard_gtye4.gen_cpll_cal_gtye4.gen_cpll_cal_inst[1].gen_inst_cpll_cal.gtwizard_ultrascale_v1_7_13_gtye4_cpll_cal_inst/gtwizard_ultrascale_v1_7_13_gtye4_cpll_cal_tx_i/bufg_gt_txoutclkmon_inst' is LOCed to site 'BUFG_GT_X1Y23'. Using a LOC constraint to assign the placement of a Global Clock Buffer can result in sub-optimal placement results.
Resolution: Remove the LOC constraint and use the CLOCK_REGION constraint to assign a Global Clock Buffer to a CLOCK_REGION.
WARNING: [Constraints 18-4434] Global Clock Buffer 'inst_static/inst_int_static/xdma_0/inst/pcie4c_ip_i/inst/design_static_xdma_0_0_pcie4c_ip_gt_top_i/diablo_gt.diablo_gt_phy_wrapper/gt_wizard.gtwizard_top_i/design_static_xdma_0_0_pcie4c_ip_gt_i/inst/gen_gtwizard_gtye4_top.design_static_xdma_0_0_pcie4c_ip_gt_gtwizard_gtye4_inst/gen_gtwizard_gtye4.gen_cpll_cal_gtye4.gen_cpll_cal_inst[2].gen_inst_cpll_cal.gtwizard_ultrascale_v1_7_13_gtye4_cpll_cal_inst/gtwizard_ultrascale_v1_7_13_gtye4_cpll_cal_tx_i/bufg_gt_txoutclkmon_inst' is LOCed to site 'BUFG_GT_X1Y5'. Using a LOC constraint to assign the placement of a Global Clock Buffer can result in sub-optimal placement results.
Resolution: Remove the LOC constraint and use the CLOCK_REGION constraint to assign a Global Clock Buffer to a CLOCK_REGION.
WARNING: [Constraints 18-4434] Global Clock Buffer 'inst_static/inst_int_static/xdma_0/inst/pcie4c_ip_i/inst/design_static_xdma_0_0_pcie4c_ip_gt_top_i/diablo_gt.diablo_gt_phy_wrapper/gt_wizard.gtwizard_top_i/design_static_xdma_0_0_pcie4c_ip_gt_i/inst/gen_gtwizard_gtye4_top.design_static_xdma_0_0_pcie4c_ip_gt_gtwizard_gtye4_inst/gen_gtwizard_gtye4.gen_cpll_cal_gtye4.gen_cpll_cal_inst[3].gen_inst_cpll_cal.gtwizard_ultrascale_v1_7_13_gtye4_cpll_cal_inst/gtwizard_ultrascale_v1_7_13_gtye4_cpll_cal_tx_i/bufg_gt_txoutclkmon_inst' is LOCed to site 'BUFG_GT_X1Y3'. Using a LOC constraint to assign the placement of a Global Clock Buffer can result in sub-optimal placement results.
Resolution: Remove the LOC constraint and use the CLOCK_REGION constraint to assign a Global Clock Buffer to a CLOCK_REGION.
WARNING: [Constraints 18-4434] Global Clock Buffer 'inst_static/inst_int_static/xdma_0/inst/pcie4c_ip_i/inst/design_static_xdma_0_0_pcie4c_ip_gt_top_i/diablo_gt.diablo_gt_phy_wrapper/gt_wizard.gtwizard_top_i/design_static_xdma_0_0_pcie4c_ip_gt_i/inst/gen_gtwizard_gtye4_top.design_static_xdma_0_0_pcie4c_ip_gt_gtwizard_gtye4_inst/gen_gtwizard_gtye4.gen_cpll_cal_gtye4.gen_cpll_cal_inst[4].gen_inst_cpll_cal.gtwizard_ultrascale_v1_7_13_gtye4_cpll_cal_inst/gtwizard_ultrascale_v1_7_13_gtye4_cpll_cal_tx_i/bufg_gt_txoutclkmon_inst' is LOCed to site 'BUFG_GT_X1Y44'. Using a LOC constraint to assign the placement of a Global Clock Buffer can result in sub-optimal placement results.
Resolution: Remove the LOC constraint and use the CLOCK_REGION constraint to assign a Global Clock Buffer to a CLOCK_REGION.
WARNING: [Constraints 18-4434] Global Clock Buffer 'inst_static/inst_int_static/xdma_0/inst/pcie4c_ip_i/inst/design_static_xdma_0_0_pcie4c_ip_gt_top_i/diablo_gt.diablo_gt_phy_wrapper/gt_wizard.gtwizard_top_i/design_static_xdma_0_0_pcie4c_ip_gt_i/inst/gen_gtwizard_gtye4_top.design_static_xdma_0_0_pcie4c_ip_gt_gtwizard_gtye4_inst/gen_gtwizard_gtye4.gen_cpll_cal_gtye4.gen_cpll_cal_inst[5].gen_inst_cpll_cal.gtwizard_ultrascale_v1_7_13_gtye4_cpll_cal_inst/gtwizard_ultrascale_v1_7_13_gtye4_cpll_cal_tx_i/bufg_gt_txoutclkmon_inst' is LOCed to site 'BUFG_GT_X1Y28'. Using a LOC constraint to assign the placement of a Global Clock Buffer can result in sub-optimal placement results.
Resolution: Remove the LOC constraint and use the CLOCK_REGION constraint to assign a Global Clock Buffer to a CLOCK_REGION.
WARNING: [Constraints 18-4434] Global Clock Buffer 'inst_static/inst_int_static/xdma_0/inst/pcie4c_ip_i/inst/design_static_xdma_0_0_pcie4c_ip_gt_top_i/diablo_gt.diablo_gt_phy_wrapper/gt_wizard.gtwizard_top_i/design_static_xdma_0_0_pcie4c_ip_gt_i/inst/gen_gtwizard_gtye4_top.design_static_xdma_0_0_pcie4c_ip_gt_gtwizard_gtye4_inst/gen_gtwizard_gtye4.gen_cpll_cal_gtye4.gen_cpll_cal_inst[6].gen_inst_cpll_cal.gtwizard_ultrascale_v1_7_13_gtye4_cpll_cal_inst/gtwizard_ultrascale_v1_7_13_gtye4_cpll_cal_tx_i/bufg_gt_txoutclkmon_inst' is LOCed to site 'BUFG_GT_X1Y24'. Using a LOC constraint to assign the placement of a Global Clock Buffer can result in sub-optimal placement results.
Resolution: Remove the LOC constraint and use the CLOCK_REGION constraint to assign a Global Clock Buffer to a CLOCK_REGION.
WARNING: [Constraints 18-4434] Global Clock Buffer 'inst_static/inst_int_static/xdma_0/inst/pcie4c_ip_i/inst/design_static_xdma_0_0_pcie4c_ip_gt_top_i/diablo_gt.diablo_gt_phy_wrapper/gt_wizard.gtwizard_top_i/design_static_xdma_0_0_pcie4c_ip_gt_i/inst/gen_gtwizard_gtye4_top.design_static_xdma_0_0_pcie4c_ip_gt_gtwizard_gtye4_inst/gen_gtwizard_gtye4.gen_cpll_cal_gtye4.gen_cpll_cal_inst[7].gen_inst_cpll_cal.gtwizard_ultrascale_v1_7_13_gtye4_cpll_cal_inst/gtwizard_ultrascale_v1_7_13_gtye4_cpll_cal_tx_i/bufg_gt_txoutclkmon_inst' is LOCed to site 'BUFG_GT_X1Y41'. Using a LOC constraint to assign the placement of a Global Clock Buffer can result in sub-optimal placement results.
Resolution: Remove the LOC constraint and use the CLOCK_REGION constraint to assign a Global Clock Buffer to a CLOCK_REGION.
WARNING: [Constraints 18-4434] Global Clock Buffer 'inst_static/inst_int_static/xdma_0/inst/pcie4c_ip_i/inst/design_static_xdma_0_0_pcie4c_ip_gt_top_i/diablo_gt.diablo_gt_phy_wrapper/gt_wizard.gtwizard_top_i/design_static_xdma_0_0_pcie4c_ip_gt_i/inst/gen_gtwizard_gtye4_top.design_static_xdma_0_0_pcie4c_ip_gt_gtwizard_gtye4_inst/gen_gtwizard_gtye4.gen_cpll_cal_gtye4.gen_cpll_cal_inst[8].gen_inst_cpll_cal.gtwizard_ultrascale_v1_7_13_gtye4_cpll_cal_inst/gtwizard_ultrascale_v1_7_13_gtye4_cpll_cal_tx_i/bufg_gt_txoutclkmon_inst' is LOCed to site 'BUFG_GT_X1Y56'. Using a LOC constraint to assign the placement of a Global Clock Buffer can result in sub-optimal placement results.
Resolution: Remove the LOC constraint and use the CLOCK_REGION constraint to assign a Global Clock Buffer to a CLOCK_REGION.
WARNING: [Constraints 18-4434] Global Clock Buffer 'inst_static/inst_int_static/xdma_0/inst/pcie4c_ip_i/inst/design_static_xdma_0_0_pcie4c_ip_gt_top_i/diablo_gt.diablo_gt_phy_wrapper/gt_wizard.gtwizard_top_i/design_static_xdma_0_0_pcie4c_ip_gt_i/inst/gen_gtwizard_gtye4_top.design_static_xdma_0_0_pcie4c_ip_gt_gtwizard_gtye4_inst/gen_gtwizard_gtye4.gen_cpll_cal_gtye4.gen_cpll_cal_inst[9].gen_inst_cpll_cal.gtwizard_ultrascale_v1_7_13_gtye4_cpll_cal_inst/gtwizard_ultrascale_v1_7_13_gtye4_cpll_cal_tx_i/bufg_gt_txoutclkmon_inst' is LOCed to site 'BUFG_GT_X1Y63'. Using a LOC constraint to assign the placement of a Global Clock Buffer can result in sub-optimal placement results.
Resolution: Remove the LOC constraint and use the CLOCK_REGION constraint to assign a Global Clock Buffer to a CLOCK_REGION.
WARNING: [Constraints 18-4434] Global Clock Buffer 'inst_static/inst_int_static/xdma_0/inst/pcie4c_ip_i/inst/design_static_xdma_0_0_pcie4c_ip_gt_top_i/diablo_gt.diablo_gt_phy_wrapper/phy_clk_i/bufg_gt_coreclk' is LOCed to site 'BUFG_GT_X1Y85'. Using a LOC constraint to assign the placement of a Global Clock Buffer can result in sub-optimal placement results.
Resolution: Remove the LOC constraint and use the CLOCK_REGION constraint to assign a Global Clock Buffer to a CLOCK_REGION.
WARNING: [Constraints 18-4434] Global Clock Buffer 'inst_static/inst_int_static/xdma_0/inst/pcie4c_ip_i/inst/design_static_xdma_0_0_pcie4c_ip_gt_top_i/diablo_gt.diablo_gt_phy_wrapper/phy_clk_i/bufg_gt_intclk' is LOCed to site 'BUFG_GT_X1Y84'. Using a LOC constraint to assign the placement of a Global Clock Buffer can result in sub-optimal placement results.
Resolution: Remove the LOC constraint and use the CLOCK_REGION constraint to assign a Global Clock Buffer to a CLOCK_REGION.
WARNING: [Constraints 18-4434] Global Clock Buffer 'inst_static/inst_int_static/xdma_0/inst/pcie4c_ip_i/inst/design_static_xdma_0_0_pcie4c_ip_gt_top_i/diablo_gt.diablo_gt_phy_wrapper/phy_clk_i/bufg_gt_mcapclk' is LOCed to site 'BUFG_GT_X1Y94'. Using a LOC constraint to assign the placement of a Global Clock Buffer can result in sub-optimal placement results.
Resolution: Remove the LOC constraint and use the CLOCK_REGION constraint to assign a Global Clock Buffer to a CLOCK_REGION.
WARNING: [Constraints 18-4434] Global Clock Buffer 'inst_static/inst_int_static/xdma_0/inst/pcie4c_ip_i/inst/design_static_xdma_0_0_pcie4c_ip_gt_top_i/diablo_gt.diablo_gt_phy_wrapper/phy_clk_i/bufg_gt_pclk' is LOCed to site 'BUFG_GT_X1Y93'. Using a LOC constraint to assign the placement of a Global Clock Buffer can result in sub-optimal placement results.
Resolution: Remove the LOC constraint and use the CLOCK_REGION constraint to assign a Global Clock Buffer to a CLOCK_REGION.
WARNING: [Constraints 18-4434] Global Clock Buffer 'inst_static/inst_int_static/xdma_0/inst/pcie4c_ip_i/inst/design_static_xdma_0_0_pcie4c_ip_gt_top_i/diablo_gt.diablo_gt_phy_wrapper/phy_clk_i/bufg_gt_userclk' is LOCed to site 'BUFG_GT_X1Y86'. Using a LOC constraint to assign the placement of a Global Clock Buffer can result in sub-optimal placement results.
Resolution: Remove the LOC constraint and use the CLOCK_REGION constraint to assign a Global Clock Buffer to a CLOCK_REGION.
Parsing XDC File [/scratch/anubhav/Coyote/examples_hw/build_hw_8/checkpoints/shell/shell_synthed/shell_top_late.xdc] for cell 'inst_shell'
Finished Parsing XDC File [/scratch/anubhav/Coyote/examples_hw/build_hw_8/checkpoints/shell/shell_synthed/shell_top_late.xdc] for cell 'inst_shell'
Parsing XDC File [/scratch/anubhav/Coyote/examples_hw/build_hw_8/checkpoints/config_0/user_synthed_c0_0/design_user_wrapper_0_late.xdc] for cell 'inst_shell/inst_dynamic/inst_user_wrapper_0'
Finished Parsing XDC File [/scratch/anubhav/Coyote/examples_hw/build_hw_8/checkpoints/config_0/user_synthed_c0_0/design_user_wrapper_0_late.xdc] for cell 'inst_shell/inst_dynamic/inst_user_wrapper_0'
INFO: [Opt 31-138] Pushed 0 inverter(s) to 0 load pin(s).
Netlist sorting complete. Time (s): cpu = 00:00:00.03 ; elapsed = 00:00:00.03 . Memory (MB): peak = 7099.027 ; gain = 0.000 ; free physical = 215856 ; free virtual = 276865
INFO: [Project 1-111] Unisim Transformation Summary:
  A total of 1295 instances were transformed.
  DSP48E2 => DSP48E2 (DSP_ALU, DSP_A_B_DATA, DSP_C_DATA, DSP_MULTIPLIER, DSP_M_DATA, DSP_OUTPUT, DSP_PREADD, DSP_PREADD_DATA): 18 instances
  RAM16X1D => RAM32X1D (RAMD32(x2)): 7 instances
  RAM256X1S => RAM256X1S (MUXF7(x2), MUXF8, RAMS64E(x4)): 9 instances
  RAM32M => RAM32M (RAMD32(x6), RAMS32(x2)): 29 instances
  RAM32M16 => RAM32M16 (RAMD32(x14), RAMS32(x2)): 1026 instances
  RAM32X1D => RAM32X1D (RAMD32(x2)): 126 instances
  RAM64M => RAM64M (RAMD64E(x4)): 2 instances
  RAM64M8 => RAM64M8 (RAMD64E(x8)): 78 instances

16 Infos, 28 Warnings, 2 Critical Warnings and 0 Errors encountered.
link_design completed successfully
link_design: Time (s): cpu = 00:05:05 ; elapsed = 00:03:41 . Memory (MB): peak = 7099.027 ; gain = 4183.883 ; free physical = 215856 ; free virtual = 276865
INFO: [Timing 38-480] Writing timing data to binary archive.
Writing XDEF routing.
Writing XDEF routing logical nets.
Writing XDEF routing special nets.
Write XDEF Complete: Time (s): cpu = 00:00:33 ; elapsed = 00:00:09 . Memory (MB): peak = 7147.051 ; gain = 40.020 ; free physical = 215484 ; free virtual = 276493
report_design_analysis: Time (s): cpu = 00:00:30 ; elapsed = 00:00:19 . Memory (MB): peak = 7155.055 ; gain = 8.004 ; free physical = 215323 ; free virtual = 276332
INFO: [Common 17-1381] The checkpoint '/scratch/anubhav/Coyote/examples_hw/build_hw_8/checkpoints/shell_linked.dcp' has been generated.
write_checkpoint: Time (s): cpu = 00:01:28 ; elapsed = 00:00:51 . Memory (MB): peak = 7155.055 ; gain = 56.027 ; free physical = 215329 ; free virtual = 276338
close_project: Time (s): cpu = 00:00:04 ; elapsed = 00:00:06 . Memory (MB): peak = 7155.055 ; gain = 0.000 ; free physical = 217357 ; free virtual = 278366

[1m[38;5;214m**(B[m
[1m[38;5;214m** Shell linking completed(B[m
[1m[38;5;214m**(B[m

INFO: [Common 17-206] Exiting Vivado at Wed Nov 27 16:41:22 2024...
