#-----------------------------------------------------------
# Vivado v2022.1 (64-bit)
# SW Build 3526262 on Mon Apr 18 15:47:01 MDT 2022
# IP Build 3524634 on Mon Apr 18 20:55:01 MDT 2022
# Start of session at: Wed Nov 27 08:06:39 2024
# Process ID: 3323902
# Current directory: /scratch/anubhav/Coyote/examples_hw/build_hw_8
# Command line: vivado -mode tcl -source /scratch/anubhav/Coyote/examples_hw/build_hw_8/flow_shell_prjct.tcl -notrace
# Log file: /scratch/anubhav/Coyote/examples_hw/build_hw_8/vivado.log
# Journal file: /scratch/anubhav/Coyote/examples_hw/build_hw_8/vivado.jou
# Running On: amy, OS: Linux, CPU Frequency: 1498.805 MHz, CPU Physical cores: 32, Host memory: 2143237 MB
#-----------------------------------------------------------
source /scratch/anubhav/Coyote/examples_hw/build_hw_8/flow_shell_prjct.tcl -notrace
[1m[36m** Creating shell project ...(B[m
[1m[36m**(B[m
INFO: [IP_Flow 19-234] Refreshing IP repositories
INFO: [IP_Flow 19-1700] Loaded user IP repository '/scratch/anubhav/Coyote/examples_hw/build_hw_8/iprepo'.
INFO: [IP_Flow 19-2313] Loaded Vivado IP repository '/share/xilinx/Vivado/2022.1/data/ip'.

Adding file '/scratch/anubhav/Coyote/examples_hw/build_hw_8/test_shell/test.srcs/constrs_1/local.xdc' to fileset 'constrs_1'
create_ip: Time (s): cpu = 00:00:12 ; elapsed = 00:00:17 . Memory (MB): peak = 3373.070 ; gain = 454.961 ; free physical = 237039 ; free virtual = 293125
WARNING: [IP_Flow 19-3374] An attempt to modify the value of disabled parameter 'NUM_OUT_CLKS' from '4' to '3' has been ignored for IP 'clk_wiz_shell'
INFO: [xilinx.com:ip:debug_bridge:3.0-0] debug_bridge_dynamic:  Update boundary has completed 
INFO: [xilinx.com:ip:debug_bridge:3.0-0] debug_bridge_dynamic:  Update boundary has started running 
INFO: [xilinx.com:ip:debug_bridge:3.0-0] debug_bridge_dynamic:  Update content has started running 
INFO: [BD_TCL-3] Currently there is no design <design_ctrl> in project, so creating one...
Wrote  : </scratch/anubhav/Coyote/examples_hw/build_hw_8/test_shell/test.srcs/sources_1/bd/design_ctrl/design_ctrl.bd> 
Wrote  : </scratch/anubhav/Coyote/examples_hw/build_hw_8/test_shell/test.srcs/sources_1/bd/design_ctrl/design_ctrl.bd> 
[1m[36m** Shell project created(B[m
[1m[36m**(B[m
[1m[36m** Creating user projects ...(B[m
[1m[36m**(B[m
INFO: [IP_Flow 19-234] Refreshing IP repositories
INFO: [IP_Flow 19-1700] Loaded user IP repository '/scratch/anubhav/Coyote/examples_hw/build_hw_8/iprepo'.
INFO: [IP_Flow 19-2313] Loaded Vivado IP repository '/share/xilinx/Vivado/2022.1/data/ip'.

WARNING: [filemgmt 56-12] File '/scratch/anubhav/Coyote/examples_hw/build_hw_8/test_config_0/user_c0_0/hdl/wrappers/user_wrapper_c0_0.sv' cannot be added to the project because it already exists in the project, skipping this file
WARNING: [filemgmt 56-12] File '/scratch/anubhav/Coyote/examples_hw/build_hw_8/test_config_0/user_c0_0/hdl/wrappers/user_logic_c0_0.sv' cannot be added to the project because it already exists in the project, skipping this file
Adding file '/scratch/anubhav/Coyote/examples_hw/build_hw_8/test_config_0/user_c0_0/test.srcs/constrs_1/local.xdc' to fileset 'constrs_1'
INFO: [xilinx.com:ip:debug_bridge:3.0-0] debug_bridge_user:  Update boundary has completed 
INFO: [xilinx.com:ip:debug_bridge:3.0-0] debug_bridge_user:  Update boundary has started running 
INFO: [xilinx.com:ip:debug_bridge:3.0-0] debug_bridge_user:  Update content has started running 
[1m[36m** vFPGA_C0_0 project created(B[m
[1m[36m**(B[m
Scanning sources...
Finished scanning sources
INFO: [IP_Flow 19-234] Refreshing IP repositories
INFO: [IP_Flow 19-1700] Loaded user IP repository '/scratch/anubhav/Coyote/examples_hw/build_hw_8/iprepo'.
INFO: [IP_Flow 19-2313] Loaded Vivado IP repository '/share/xilinx/Vivado/2022.1/data/ip'.
[1m[36m** vFPGA_C0_0 adding files ...(B[m
[1m[36m**(B[m
WARNING: [Coretcl 2-1618] The 'xilinx.com:ip:xlconstant:1.1' IP is intended for use in IPI only.
WARNING: [Coretcl 2-1618] The 'xilinx.com:ip:xlconstant:1.1' IP is intended for use in IPI only.
INFO: [IP_Flow 19-1686] Generating 'Instantiation Template' target for IP 'axi_clock_converter_256'...
INFO: [IP_Flow 19-1686] Generating 'Synthesis' target for IP 'axi_clock_converter_256'...
WARNING: [IP_Flow 19-4994] Overwriting existing constraint file '/scratch/anubhav/Coyote/examples_hw/build_hw_8/test_config_0/user_c0_0/test.gen/sources_1/ip/axi_clock_converter_256/axi_clock_converter_256_ooc.xdc'
INFO: [IP_Flow 19-1686] Generating 'Simulation' target for IP 'axi_clock_converter_256'...
INFO: [IP_Flow 19-5611] Unable to find an associated reset port for the interface 'S_AXI'. A default connection has been created.
INFO: [IP_Flow 19-5611] Unable to find an associated reset port for the interface 'M_AXI'. A default connection has been created.
INFO: [IP_Flow 19-1686] Generating 'Implementation' target for IP 'axi_clock_converter_256'...
INFO: [IP_Flow 19-1686] Generating 'Change Log' target for IP 'axi_clock_converter_256'...
INFO: [IP_Flow 19-1686] Generating 'Instantiation Template' target for IP 'axi_clock_converter_512'...
INFO: [IP_Flow 19-1686] Generating 'Synthesis' target for IP 'axi_clock_converter_512'...
WARNING: [IP_Flow 19-4994] Overwriting existing constraint file '/scratch/anubhav/Coyote/examples_hw/build_hw_8/test_config_0/user_c0_0/test.gen/sources_1/ip/axi_clock_converter_512/axi_clock_converter_512_ooc.xdc'
INFO: [IP_Flow 19-1686] Generating 'Simulation' target for IP 'axi_clock_converter_512'...
INFO: [IP_Flow 19-5611] Unable to find an associated reset port for the interface 'S_AXI'. A default connection has been created.
INFO: [IP_Flow 19-5611] Unable to find an associated reset port for the interface 'M_AXI'. A default connection has been created.
INFO: [IP_Flow 19-1686] Generating 'Implementation' target for IP 'axi_clock_converter_512'...
INFO: [IP_Flow 19-1686] Generating 'Change Log' target for IP 'axi_clock_converter_512'...
INFO: [IP_Flow 19-1686] Generating 'Instantiation Template' target for IP 'axi_register_slice_512'...
INFO: [IP_Flow 19-1686] Generating 'Synthesis' target for IP 'axi_register_slice_512'...
INFO: [IP_Flow 19-1686] Generating 'Simulation' target for IP 'axi_register_slice_512'...
INFO: [IP_Flow 19-1686] Generating 'Implementation' target for IP 'axi_register_slice_512'...
INFO: [IP_Flow 19-1686] Generating 'Change Log' target for IP 'axi_register_slice_512'...
INFO: [IP_Flow 19-1686] Generating 'Instantiation Template' target for IP 'axil_clock_converter'...
INFO: [IP_Flow 19-1686] Generating 'Synthesis' target for IP 'axil_clock_converter'...
WARNING: [IP_Flow 19-4994] Overwriting existing constraint file '/scratch/anubhav/Coyote/examples_hw/build_hw_8/test_config_0/user_c0_0/test.gen/sources_1/ip/axil_clock_converter/axil_clock_converter_ooc.xdc'
INFO: [IP_Flow 19-1686] Generating 'Simulation' target for IP 'axil_clock_converter'...
INFO: [IP_Flow 19-5611] Unable to find an associated reset port for the interface 'S_AXI'. A default connection has been created.
INFO: [IP_Flow 19-5611] Unable to find an associated reset port for the interface 'M_AXI'. A default connection has been created.
INFO: [IP_Flow 19-1686] Generating 'Implementation' target for IP 'axil_clock_converter'...
INFO: [IP_Flow 19-1686] Generating 'Change Log' target for IP 'axil_clock_converter'...
INFO: [IP_Flow 19-1686] Generating 'Instantiation Template' target for IP 'axil_register_slice'...
INFO: [IP_Flow 19-1686] Generating 'Synthesis' target for IP 'axil_register_slice'...
INFO: [IP_Flow 19-1686] Generating 'Simulation' target for IP 'axil_register_slice'...
INFO: [IP_Flow 19-1686] Generating 'Implementation' target for IP 'axil_register_slice'...
INFO: [IP_Flow 19-1686] Generating 'Change Log' target for IP 'axil_register_slice'...
INFO: [IP_Flow 19-1686] Generating 'Instantiation Template' target for IP 'axim_register_slice'...
INFO: [IP_Flow 19-1686] Generating 'Synthesis' target for IP 'axim_register_slice'...
INFO: [IP_Flow 19-1686] Generating 'Simulation' target for IP 'axim_register_slice'...
INFO: [IP_Flow 19-1686] Generating 'Implementation' target for IP 'axim_register_slice'...
INFO: [IP_Flow 19-1686] Generating 'Change Log' target for IP 'axim_register_slice'...
INFO: [IP_Flow 19-1686] Generating 'Instantiation Template' target for IP 'axis_clock_converter_512'...
INFO: [IP_Flow 19-1686] Generating 'Synthesis' target for IP 'axis_clock_converter_512'...
WARNING: [IP_Flow 19-4994] Overwriting existing constraint file '/scratch/anubhav/Coyote/examples_hw/build_hw_8/test_config_0/user_c0_0/test.gen/sources_1/ip/axis_clock_converter_512/axis_clock_converter_512_ooc.xdc'
INFO: [IP_Flow 19-1686] Generating 'Simulation' target for IP 'axis_clock_converter_512'...
INFO: [IP_Flow 19-1686] Generating 'Change Log' target for IP 'axis_clock_converter_512'...
INFO: [IP_Flow 19-1686] Generating 'Instantiation Template' target for IP 'axis_clock_converter_96'...
INFO: [IP_Flow 19-1686] Generating 'Synthesis' target for IP 'axis_clock_converter_96'...
WARNING: [IP_Flow 19-4994] Overwriting existing constraint file '/scratch/anubhav/Coyote/examples_hw/build_hw_8/test_config_0/user_c0_0/test.gen/sources_1/ip/axis_clock_converter_96/axis_clock_converter_96_ooc.xdc'
INFO: [IP_Flow 19-1686] Generating 'Simulation' target for IP 'axis_clock_converter_96'...
INFO: [IP_Flow 19-1686] Generating 'Change Log' target for IP 'axis_clock_converter_96'...
INFO: [IP_Flow 19-1686] Generating 'Instantiation Template' target for IP 'axis_clock_converter_dma_rsp'...
INFO: [IP_Flow 19-1686] Generating 'Synthesis' target for IP 'axis_clock_converter_dma_rsp'...
WARNING: [IP_Flow 19-4994] Overwriting existing constraint file '/scratch/anubhav/Coyote/examples_hw/build_hw_8/test_config_0/user_c0_0/test.gen/sources_1/ip/axis_clock_converter_dma_rsp/axis_clock_converter_dma_rsp_ooc.xdc'
INFO: [IP_Flow 19-1686] Generating 'Simulation' target for IP 'axis_clock_converter_dma_rsp'...
INFO: [IP_Flow 19-1686] Generating 'Change Log' target for IP 'axis_clock_converter_dma_rsp'...
INFO: [IP_Flow 19-1686] Generating 'Instantiation Template' target for IP 'axis_data_fifo_512'...
INFO: [IP_Flow 19-1686] Generating 'Synthesis' target for IP 'axis_data_fifo_512'...
INFO: [IP_Flow 19-1686] Generating 'Simulation' target for IP 'axis_data_fifo_512'...
INFO: [IP_Flow 19-1686] Generating 'Change Log' target for IP 'axis_data_fifo_512'...
INFO: [IP_Flow 19-1686] Generating 'Instantiation Template' target for IP 'axis_data_fifo_meta_128'...
INFO: [IP_Flow 19-1686] Generating 'Synthesis' target for IP 'axis_data_fifo_meta_128'...
INFO: [IP_Flow 19-1686] Generating 'Simulation' target for IP 'axis_data_fifo_meta_128'...
INFO: [IP_Flow 19-1686] Generating 'Change Log' target for IP 'axis_data_fifo_meta_128'...
INFO: [IP_Flow 19-1686] Generating 'Instantiation Template' target for IP 'axis_data_fifo_meta_16'...
INFO: [IP_Flow 19-1686] Generating 'Synthesis' target for IP 'axis_data_fifo_meta_16'...
INFO: [IP_Flow 19-1686] Generating 'Simulation' target for IP 'axis_data_fifo_meta_16'...
INFO: [IP_Flow 19-1686] Generating 'Change Log' target for IP 'axis_data_fifo_meta_16'...
INFO: [IP_Flow 19-1686] Generating 'Instantiation Template' target for IP 'axis_data_fifo_meta_256'...
INFO: [IP_Flow 19-1686] Generating 'Synthesis' target for IP 'axis_data_fifo_meta_256'...
INFO: [IP_Flow 19-1686] Generating 'Simulation' target for IP 'axis_data_fifo_meta_256'...
INFO: [IP_Flow 19-1686] Generating 'Change Log' target for IP 'axis_data_fifo_meta_256'...
INFO: [IP_Flow 19-1686] Generating 'Instantiation Template' target for IP 'axis_data_fifo_meta_32'...
INFO: [IP_Flow 19-1686] Generating 'Synthesis' target for IP 'axis_data_fifo_meta_32'...
INFO: [IP_Flow 19-1686] Generating 'Simulation' target for IP 'axis_data_fifo_meta_32'...
INFO: [IP_Flow 19-1686] Generating 'Change Log' target for IP 'axis_data_fifo_meta_32'...
INFO: [IP_Flow 19-1686] Generating 'Instantiation Template' target for IP 'axis_data_fifo_meta_512'...
INFO: [IP_Flow 19-1686] Generating 'Synthesis' target for IP 'axis_data_fifo_meta_512'...
INFO: [IP_Flow 19-1686] Generating 'Simulation' target for IP 'axis_data_fifo_meta_512'...
INFO: [IP_Flow 19-1686] Generating 'Change Log' target for IP 'axis_data_fifo_meta_512'...
INFO: [IP_Flow 19-1686] Generating 'Instantiation Template' target for IP 'axis_data_fifo_meta_64'...
INFO: [IP_Flow 19-1686] Generating 'Synthesis' target for IP 'axis_data_fifo_meta_64'...
INFO: [IP_Flow 19-1686] Generating 'Simulation' target for IP 'axis_data_fifo_meta_64'...
INFO: [IP_Flow 19-1686] Generating 'Change Log' target for IP 'axis_data_fifo_meta_64'...
INFO: [IP_Flow 19-1686] Generating 'Instantiation Template' target for IP 'axis_data_fifo_meta_8'...
INFO: [IP_Flow 19-1686] Generating 'Synthesis' target for IP 'axis_data_fifo_meta_8'...
INFO: [IP_Flow 19-1686] Generating 'Simulation' target for IP 'axis_data_fifo_meta_8'...
INFO: [IP_Flow 19-1686] Generating 'Change Log' target for IP 'axis_data_fifo_meta_8'...
INFO: [IP_Flow 19-1686] Generating 'Instantiation Template' target for IP 'axis_data_fifo_meta_96'...
INFO: [IP_Flow 19-1686] Generating 'Synthesis' target for IP 'axis_data_fifo_meta_96'...
INFO: [IP_Flow 19-1686] Generating 'Simulation' target for IP 'axis_data_fifo_meta_96'...
INFO: [IP_Flow 19-1686] Generating 'Change Log' target for IP 'axis_data_fifo_meta_96'...
INFO: [IP_Flow 19-1686] Generating 'Instantiation Template' target for IP 'axis_data_fifo_req_128'...
INFO: [IP_Flow 19-1686] Generating 'Synthesis' target for IP 'axis_data_fifo_req_128'...
INFO: [IP_Flow 19-1686] Generating 'Simulation' target for IP 'axis_data_fifo_req_128'...
INFO: [IP_Flow 19-1686] Generating 'Change Log' target for IP 'axis_data_fifo_req_128'...
INFO: [IP_Flow 19-1686] Generating 'Instantiation Template' target for IP 'axis_data_fifo_req_128_used'...
INFO: [IP_Flow 19-1686] Generating 'Synthesis' target for IP 'axis_data_fifo_req_128_used'...
INFO: [IP_Flow 19-1686] Generating 'Simulation' target for IP 'axis_data_fifo_req_128_used'...
INFO: [IP_Flow 19-1686] Generating 'Change Log' target for IP 'axis_data_fifo_req_128_used'...
INFO: [IP_Flow 19-1686] Generating 'Instantiation Template' target for IP 'axis_data_fifo_req_256'...
INFO: [IP_Flow 19-1686] Generating 'Synthesis' target for IP 'axis_data_fifo_req_256'...
INFO: [IP_Flow 19-1686] Generating 'Simulation' target for IP 'axis_data_fifo_req_256'...
INFO: [IP_Flow 19-1686] Generating 'Change Log' target for IP 'axis_data_fifo_req_256'...
INFO: [IP_Flow 19-1686] Generating 'Instantiation Template' target for IP 'axis_data_fifo_req_256_used'...
INFO: [IP_Flow 19-1686] Generating 'Synthesis' target for IP 'axis_data_fifo_req_256_used'...
INFO: [IP_Flow 19-1686] Generating 'Simulation' target for IP 'axis_data_fifo_req_256_used'...
INFO: [IP_Flow 19-1686] Generating 'Change Log' target for IP 'axis_data_fifo_req_256_used'...
INFO: [IP_Flow 19-1686] Generating 'Instantiation Template' target for IP 'axis_data_fifo_req_96'...
INFO: [IP_Flow 19-1686] Generating 'Synthesis' target for IP 'axis_data_fifo_req_96'...
INFO: [IP_Flow 19-1686] Generating 'Simulation' target for IP 'axis_data_fifo_req_96'...
INFO: [IP_Flow 19-1686] Generating 'Change Log' target for IP 'axis_data_fifo_req_96'...
INFO: [IP_Flow 19-1686] Generating 'Instantiation Template' target for IP 'axis_data_fifo_req_96_used'...
INFO: [IP_Flow 19-1686] Generating 'Synthesis' target for IP 'axis_data_fifo_req_96_used'...
INFO: [Common 17-14] Message 'IP_Flow 19-1686' appears 100 times and further instances of the messages will be disabled. Use the Tcl command set_msg_config to change the current settings.
WARNING: [IP_Flow 19-4994] Overwriting existing constraint file '/scratch/anubhav/Coyote/examples_hw/build_hw_8/test_config_0/user_c0_0/test.gen/sources_1/ip/axisr_clock_converter_512/axisr_clock_converter_512_ooc.xdc'
Exporting to file /scratch/anubhav/Coyote/examples_hw/build_hw_8/test_config_0/user_c0_0/test.gen/sources_1/ip/debug_bridge_user/bd_0/hw_handoff/debug_bridge_user.hwh
Generated Hardware Definition File /scratch/anubhav/Coyote/examples_hw/build_hw_8/test_config_0/user_c0_0/test.gen/sources_1/ip/debug_bridge_user/bd_0/synth/debug_bridge_user.hwdef
WARNING: [IP_Flow 19-4994] Overwriting existing constraint file '/scratch/anubhav/Coyote/examples_hw/build_hw_8/test_config_0/user_c0_0/test.gen/sources_1/ip/meta_clock_converter_128/meta_clock_converter_128_ooc.xdc'
WARNING: [IP_Flow 19-4994] Overwriting existing constraint file '/scratch/anubhav/Coyote/examples_hw/build_hw_8/test_config_0/user_c0_0/test.gen/sources_1/ip/meta_clock_converter_16/meta_clock_converter_16_ooc.xdc'
WARNING: [IP_Flow 19-4994] Overwriting existing constraint file '/scratch/anubhav/Coyote/examples_hw/build_hw_8/test_config_0/user_c0_0/test.gen/sources_1/ip/meta_clock_converter_256/meta_clock_converter_256_ooc.xdc'
WARNING: [IP_Flow 19-4994] Overwriting existing constraint file '/scratch/anubhav/Coyote/examples_hw/build_hw_8/test_config_0/user_c0_0/test.gen/sources_1/ip/meta_clock_converter_32/meta_clock_converter_32_ooc.xdc'
WARNING: [IP_Flow 19-4994] Overwriting existing constraint file '/scratch/anubhav/Coyote/examples_hw/build_hw_8/test_config_0/user_c0_0/test.gen/sources_1/ip/meta_clock_converter_512/meta_clock_converter_512_ooc.xdc'
WARNING: [IP_Flow 19-4994] Overwriting existing constraint file '/scratch/anubhav/Coyote/examples_hw/build_hw_8/test_config_0/user_c0_0/test.gen/sources_1/ip/meta_clock_converter_64/meta_clock_converter_64_ooc.xdc'
WARNING: [IP_Flow 19-4994] Overwriting existing constraint file '/scratch/anubhav/Coyote/examples_hw/build_hw_8/test_config_0/user_c0_0/test.gen/sources_1/ip/meta_clock_converter_72/meta_clock_converter_72_ooc.xdc'
WARNING: [IP_Flow 19-4994] Overwriting existing constraint file '/scratch/anubhav/Coyote/examples_hw/build_hw_8/test_config_0/user_c0_0/test.gen/sources_1/ip/meta_clock_converter_8/meta_clock_converter_8_ooc.xdc'
WARNING: [IP_Flow 19-4994] Overwriting existing constraint file '/scratch/anubhav/Coyote/examples_hw/build_hw_8/test_config_0/user_c0_0/test.gen/sources_1/ip/meta_clock_converter_96/meta_clock_converter_96_ooc.xdc'
generate_target: Time (s): cpu = 00:00:04 ; elapsed = 00:00:05 . Memory (MB): peak = 3730.105 ; gain = 0.000 ; free physical = 236514 ; free virtual = 292601
[1m[36m** User projects created(B[m
[1m[36m**(B[m

[1m[38;5;214m**(B[m
[1m[38;5;214m** Shell project creation flow completed(B[m
[1m[38;5;214m**(B[m

INFO: [Common 17-206] Exiting Vivado at Wed Nov 27 08:07:34 2024...
