The system is: Linux - 6.9.0-rc7 - x86_64
Compiling the C compiler identification source file "CMakeCCompilerId.c" succeeded.
Compiler: /usr/bin/cc 
Build flags: 
Id flags: 

The output was:
0


Compilation of the C compiler identification source "CMakeCCompilerId.c" produced "a.out"

The C compiler identification is GNU, found in "/scratch/anubhav/Coyote/examples_hw/build_hw_8/CMakeFiles/3.3.2/CompilerIdC/a.out"

Compiling the CXX compiler identification source file "CMakeCXXCompilerId.cpp" succeeded.
Compiler: /usr/bin/c++ 
Build flags: 
Id flags: 

The output was:
0


Compilation of the CXX compiler identification source "CMakeCXXCompilerId.cpp" produced "a.out"

The CXX compiler identification is GNU, found in "/scratch/anubhav/Coyote/examples_hw/build_hw_8/CMakeFiles/3.3.2/CompilerIdCXX/a.out"

Determining if the C compiler works passed with the following output:
Change Dir: /scratch/anubhav/Coyote/examples_hw/build_hw_8/CMakeFiles/CMakeTmp

Run Build Command:"/usr/bin/make" "cmTC_31494/fast"
/usr/bin/make -f CMakeFiles/cmTC_31494.dir/build.make CMakeFiles/cmTC_31494.dir/build
make[1]: Entering directory '/scratch/anubhav/Coyote/examples_hw/build_hw_8/CMakeFiles/CMakeTmp'
Building C object CMakeFiles/cmTC_31494.dir/testCCompiler.c.o
/usr/bin/cc    -o CMakeFiles/cmTC_31494.dir/testCCompiler.c.o   -c /scratch/anubhav/Coyote/examples_hw/build_hw_8/CMakeFiles/CMakeTmp/testCCompiler.c
Linking C executable cmTC_31494
/share/xilinx/Vitis/2022.1/tps/lnx64/cmake-3.3.2/bin/cmake -E cmake_link_script CMakeFiles/cmTC_31494.dir/link.txt --verbose=1
/usr/bin/cc       CMakeFiles/cmTC_31494.dir/testCCompiler.c.o  -o cmTC_31494 -rdynamic 
make[1]: Leaving directory '/scratch/anubhav/Coyote/examples_hw/build_hw_8/CMakeFiles/CMakeTmp'


Detecting C compiler ABI info compiled with the following output:
Change Dir: /scratch/anubhav/Coyote/examples_hw/build_hw_8/CMakeFiles/CMakeTmp

Run Build Command:"/usr/bin/make" "cmTC_1324f/fast"
/usr/bin/make -f CMakeFiles/cmTC_1324f.dir/build.make CMakeFiles/cmTC_1324f.dir/build
make[1]: Entering directory '/scratch/anubhav/Coyote/examples_hw/build_hw_8/CMakeFiles/CMakeTmp'
Building C object CMakeFiles/cmTC_1324f.dir/CMakeCCompilerABI.c.o
/usr/bin/cc    -o CMakeFiles/cmTC_1324f.dir/CMakeCCompilerABI.c.o   -c /share/xilinx/Vitis/2022.1/tps/lnx64/cmake-3.3.2/share/cmake-3.3/Modules/CMakeCCompilerABI.c
Linking C executable cmTC_1324f
/share/xilinx/Vitis/2022.1/tps/lnx64/cmake-3.3.2/bin/cmake -E cmake_link_script CMakeFiles/cmTC_1324f.dir/link.txt --verbose=1
/usr/bin/cc      -v CMakeFiles/cmTC_1324f.dir/CMakeCCompilerABI.c.o  -o cmTC_1324f -rdynamic  
Using built-in specs.
COLLECT_GCC=/nix/store/6g5fhxv0bdm7236ixdwq1izzawbc7grm-gcc-13.2.0/bin/gcc
COLLECT_LTO_WRAPPER=/nix/store/6g5fhxv0bdm7236ixdwq1izzawbc7grm-gcc-13.2.0/libexec/gcc/x86_64-unknown-linux-gnu/13.2.0/lto-wrapper
Target: x86_64-unknown-linux-gnu
Configured with: ../gcc-13.2.0/configure --prefix=/nix/store/eeeeeeeeeeeeeeeeeeeeeeeeeeeeeeee-gcc-13.2.0 --with-gmp-include=/nix/store/eeeeeeeeeeeeeeeeeeeeeeeeeeeeeeee-gmp-6.3.0-dev/include --with-gmp-lib=/nix/store/eeeeeeeeeeeeeeeeeeeeeeeeeeeeeeee-gmp-6.3.0/lib --with-mpfr-include=/nix/store/eeeeeeeeeeeeeeeeeeeeeeeeeeeeeeee-mpfr-4.2.1-dev/include --with-mpfr-lib=/nix/store/eeeeeeeeeeeeeeeeeeeeeeeeeeeeeeee-mpfr-4.2.1/lib --with-mpc=/nix/store/eeeeeeeeeeeeeeeeeeeeeeeeeeeeeeee-libmpc-1.3.1 --with-native-system-header-dir=/nix/store/eeeeeeeeeeeeeeeeeeeeeeeeeeeeeeee-glibc-2.39-52-dev/include --with-build-sysroot=/ --with-gxx-include-dir=/nix/store/eeeeeeeeeeeeeeeeeeeeeeeeeeeeeeee-gcc-13.2.0/include/c++/13.2.0/ --program-prefix= --enable-lto --disable-libstdcxx-pch --without-included-gettext --with-system-zlib --enable-static --enable-languages=c,c++ --disable-multilib --enable-plugin --disable-libcc1 --with-isl=/nix/store/eeeeeeeeeeeeeeeeeeeeeeeeeeeeeeee-isl-0.20 --disable-bootstrap --build=x86_64-unknown-linux-gnu --host=x86_64-unknown-linux-gnu --target=x86_64-unknown-linux-gnu
Thread model: posix
Supported LTO compression algorithms: zlib
gcc version 13.2.0 (GCC) 
COMPILER_PATH=/nix/store/c10zhkbp6jmyh0xc5kd123ga8yy2p4hk-glibc-2.39-52/lib/:/nix/store/swcl0ynnia5c57i6qfdcrqa72j7877mg-gcc-13.2.0-lib/lib/:/nix/store/r6k305g2rn0qqkvdxfvzqg7mhh7rw679-gcc-wrapper-13.2.0/bin/:/nix/store/6g5fhxv0bdm7236ixdwq1izzawbc7grm-gcc-13.2.0/libexec/gcc/x86_64-unknown-linux-gnu/13.2.0/:/nix/store/6g5fhxv0bdm7236ixdwq1izzawbc7grm-gcc-13.2.0/libexec/gcc/x86_64-unknown-linux-gnu/13.2.0/:/nix/store/6g5fhxv0bdm7236ixdwq1izzawbc7grm-gcc-13.2.0/libexec/gcc/x86_64-unknown-linux-gnu/:/nix/store/6g5fhxv0bdm7236ixdwq1izzawbc7grm-gcc-13.2.0/lib/gcc/x86_64-unknown-linux-gnu/13.2.0/:/nix/store/6g5fhxv0bdm7236ixdwq1izzawbc7grm-gcc-13.2.0/lib/gcc/x86_64-unknown-linux-gnu/
LIBRARY_PATH=/nix/store/c10zhkbp6jmyh0xc5kd123ga8yy2p4hk-glibc-2.39-52/lib/:/nix/store/swcl0ynnia5c57i6qfdcrqa72j7877mg-gcc-13.2.0-lib/lib/:/nix/store/r6k305g2rn0qqkvdxfvzqg7mhh7rw679-gcc-wrapper-13.2.0/bin/:/nix/store/6g5fhxv0bdm7236ixdwq1izzawbc7grm-gcc-13.2.0/lib/gcc/x86_64-unknown-linux-gnu/13.2.0/:/nix/store/6g5fhxv0bdm7236ixdwq1izzawbc7grm-gcc-13.2.0/lib/gcc/x86_64-unknown-linux-gnu/13.2.0/../../../../lib64/:/nix/store/6g5fhxv0bdm7236ixdwq1izzawbc7grm-gcc-13.2.0/lib/gcc/x86_64-unknown-linux-gnu/13.2.0/../../../
COLLECT_GCC_OPTIONS='-v' '-o' 'cmTC_1324f' '-rdynamic' '-B' '/nix/store/c10zhkbp6jmyh0xc5kd123ga8yy2p4hk-glibc-2.39-52/lib/' '-idirafter' '/nix/store/bl5b4ywrn1ls6fwc0cvsvwmr9hynr3gk-glibc-2.39-52-dev/include' '-idirafter' '/nix/store/6g5fhxv0bdm7236ixdwq1izzawbc7grm-gcc-13.2.0/lib/gcc/x86_64-unknown-linux-gnu/13.2.0/include-fixed' '-B' '/nix/store/swcl0ynnia5c57i6qfdcrqa72j7877mg-gcc-13.2.0-lib/lib' '-B' '/nix/store/r6k305g2rn0qqkvdxfvzqg7mhh7rw679-gcc-wrapper-13.2.0/bin/' '-idirafter' '/usr/include' '-L/usr/lib' '-L/usr/lib32' '-L/usr/lib' '-L/usr/lib32' '-L/nix/store/c10zhkbp6jmyh0xc5kd123ga8yy2p4hk-glibc-2.39-52/lib' '-L/nix/store/6g5fhxv0bdm7236ixdwq1izzawbc7grm-gcc-13.2.0/lib/gcc/x86_64-unknown-linux-gnu/13.2.0' '-L/nix/store/swcl0ynnia5c57i6qfdcrqa72j7877mg-gcc-13.2.0-lib/lib' '-L/nix/store/swcl0ynnia5c57i6qfdcrqa72j7877mg-gcc-13.2.0-lib/lib' '-mtune=generic' '-march=x86-64' '-dumpdir' 'cmTC_1324f.'
 /nix/store/6g5fhxv0bdm7236ixdwq1izzawbc7grm-gcc-13.2.0/libexec/gcc/x86_64-unknown-linux-gnu/13.2.0/collect2 -plugin /nix/store/6g5fhxv0bdm7236ixdwq1izzawbc7grm-gcc-13.2.0/libexec/gcc/x86_64-unknown-linux-gnu/13.2.0/liblto_plugin.so -plugin-opt=/nix/store/6g5fhxv0bdm7236ixdwq1izzawbc7grm-gcc-13.2.0/libexec/gcc/x86_64-unknown-linux-gnu/13.2.0/lto-wrapper -plugin-opt=-fresolution=/tmp/ccsuktZJ.res -plugin-opt=-pass-through=-lgcc -plugin-opt=-pass-through=-lgcc_s -plugin-opt=-pass-through=-lc -plugin-opt=-pass-through=-lgcc -plugin-opt=-pass-through=-lgcc_s --eh-frame-hdr -m elf_x86_64 -export-dynamic -dynamic-linker /nix/store/c10zhkbp6jmyh0xc5kd123ga8yy2p4hk-glibc-2.39-52/lib64/ld-linux-x86-64.so.2 -o cmTC_1324f /nix/store/c10zhkbp6jmyh0xc5kd123ga8yy2p4hk-glibc-2.39-52/lib/crt1.o /nix/store/c10zhkbp6jmyh0xc5kd123ga8yy2p4hk-glibc-2.39-52/lib/crti.o /nix/store/6g5fhxv0bdm7236ixdwq1izzawbc7grm-gcc-13.2.0/lib/gcc/x86_64-unknown-linux-gnu/13.2.0/crtbegin.o -L/usr/lib -L/usr/lib32 -L/usr/lib -L/usr/lib32 -L/nix/store/c10zhkbp6jmyh0xc5kd123ga8yy2p4hk-glibc-2.39-52/lib -L/nix/store/6g5fhxv0bdm7236ixdwq1izzawbc7grm-gcc-13.2.0/lib/gcc/x86_64-unknown-linux-gnu/13.2.0 -L/nix/store/swcl0ynnia5c57i6qfdcrqa72j7877mg-gcc-13.2.0-lib/lib -L/nix/store/swcl0ynnia5c57i6qfdcrqa72j7877mg-gcc-13.2.0-lib/lib -L/nix/store/c10zhkbp6jmyh0xc5kd123ga8yy2p4hk-glibc-2.39-52/lib -L/nix/store/swcl0ynnia5c57i6qfdcrqa72j7877mg-gcc-13.2.0-lib/lib -L/nix/store/r6k305g2rn0qqkvdxfvzqg7mhh7rw679-gcc-wrapper-13.2.0/bin -L/nix/store/6g5fhxv0bdm7236ixdwq1izzawbc7grm-gcc-13.2.0/lib/gcc/x86_64-unknown-linux-gnu/13.2.0 -L/nix/store/6g5fhxv0bdm7236ixdwq1izzawbc7grm-gcc-13.2.0/lib/gcc/x86_64-unknown-linux-gnu/13.2.0/../../../../lib64 -L/nix/store/6g5fhxv0bdm7236ixdwq1izzawbc7grm-gcc-13.2.0/lib/gcc/x86_64-unknown-linux-gnu/13.2.0/../../.. -dynamic-linker=/nix/store/c10zhkbp6jmyh0xc5kd123ga8yy2p4hk-glibc-2.39-52/lib/ld-linux-x86-64.so.2 CMakeFiles/cmTC_1324f.dir/CMakeCCompilerABI.c.o -lgcc --push-state --as-needed -lgcc_s --pop-state -lc -lgcc --push-state --as-needed -lgcc_s --pop-state /nix/store/6g5fhxv0bdm7236ixdwq1izzawbc7grm-gcc-13.2.0/lib/gcc/x86_64-unknown-linux-gnu/13.2.0/crtend.o /nix/store/c10zhkbp6jmyh0xc5kd123ga8yy2p4hk-glibc-2.39-52/lib/crtn.o
COLLECT_GCC_OPTIONS='-v' '-o' 'cmTC_1324f' '-rdynamic' '-B' '/nix/store/c10zhkbp6jmyh0xc5kd123ga8yy2p4hk-glibc-2.39-52/lib/' '-idirafter' '/nix/store/bl5b4ywrn1ls6fwc0cvsvwmr9hynr3gk-glibc-2.39-52-dev/include' '-idirafter' '/nix/store/6g5fhxv0bdm7236ixdwq1izzawbc7grm-gcc-13.2.0/lib/gcc/x86_64-unknown-linux-gnu/13.2.0/include-fixed' '-B' '/nix/store/swcl0ynnia5c57i6qfdcrqa72j7877mg-gcc-13.2.0-lib/lib' '-B' '/nix/store/r6k305g2rn0qqkvdxfvzqg7mhh7rw679-gcc-wrapper-13.2.0/bin/' '-idirafter' '/usr/include' '-L/usr/lib' '-L/usr/lib32' '-L/usr/lib' '-L/usr/lib32' '-L/nix/store/c10zhkbp6jmyh0xc5kd123ga8yy2p4hk-glibc-2.39-52/lib' '-L/nix/store/6g5fhxv0bdm7236ixdwq1izzawbc7grm-gcc-13.2.0/lib/gcc/x86_64-unknown-linux-gnu/13.2.0' '-L/nix/store/swcl0ynnia5c57i6qfdcrqa72j7877mg-gcc-13.2.0-lib/lib' '-L/nix/store/swcl0ynnia5c57i6qfdcrqa72j7877mg-gcc-13.2.0-lib/lib' '-mtune=generic' '-march=x86-64' '-dumpdir' 'cmTC_1324f.'
make[1]: Leaving directory '/scratch/anubhav/Coyote/examples_hw/build_hw_8/CMakeFiles/CMakeTmp'


Parsed C implicit link information from above output:
  link line regex: [^( *|.*[/\])(ld|([^/\]+-)?ld|collect2)[^/\]*( |$)]
  ignore line: [Change Dir: /scratch/anubhav/Coyote/examples_hw/build_hw_8/CMakeFiles/CMakeTmp]
  ignore line: []
  ignore line: [Run Build Command:"/usr/bin/make" "cmTC_1324f/fast"]
  ignore line: [/usr/bin/make -f CMakeFiles/cmTC_1324f.dir/build.make CMakeFiles/cmTC_1324f.dir/build]
  ignore line: [make[1]: Entering directory '/scratch/anubhav/Coyote/examples_hw/build_hw_8/CMakeFiles/CMakeTmp']
  ignore line: [Building C object CMakeFiles/cmTC_1324f.dir/CMakeCCompilerABI.c.o]
  ignore line: [/usr/bin/cc    -o CMakeFiles/cmTC_1324f.dir/CMakeCCompilerABI.c.o   -c /share/xilinx/Vitis/2022.1/tps/lnx64/cmake-3.3.2/share/cmake-3.3/Modules/CMakeCCompilerABI.c]
  ignore line: [Linking C executable cmTC_1324f]
  ignore line: [/share/xilinx/Vitis/2022.1/tps/lnx64/cmake-3.3.2/bin/cmake -E cmake_link_script CMakeFiles/cmTC_1324f.dir/link.txt --verbose=1]
  ignore line: [/usr/bin/cc      -v CMakeFiles/cmTC_1324f.dir/CMakeCCompilerABI.c.o  -o cmTC_1324f -rdynamic  ]
  ignore line: [Using built-in specs.]
  ignore line: [COLLECT_GCC=/nix/store/6g5fhxv0bdm7236ixdwq1izzawbc7grm-gcc-13.2.0/bin/gcc]
  ignore line: [COLLECT_LTO_WRAPPER=/nix/store/6g5fhxv0bdm7236ixdwq1izzawbc7grm-gcc-13.2.0/libexec/gcc/x86_64-unknown-linux-gnu/13.2.0/lto-wrapper]
  ignore line: [Target: x86_64-unknown-linux-gnu]
  ignore line: [Configured with: ../gcc-13.2.0/configure --prefix=/nix/store/eeeeeeeeeeeeeeeeeeeeeeeeeeeeeeee-gcc-13.2.0 --with-gmp-include=/nix/store/eeeeeeeeeeeeeeeeeeeeeeeeeeeeeeee-gmp-6.3.0-dev/include --with-gmp-lib=/nix/store/eeeeeeeeeeeeeeeeeeeeeeeeeeeeeeee-gmp-6.3.0/lib --with-mpfr-include=/nix/store/eeeeeeeeeeeeeeeeeeeeeeeeeeeeeeee-mpfr-4.2.1-dev/include --with-mpfr-lib=/nix/store/eeeeeeeeeeeeeeeeeeeeeeeeeeeeeeee-mpfr-4.2.1/lib --with-mpc=/nix/store/eeeeeeeeeeeeeeeeeeeeeeeeeeeeeeee-libmpc-1.3.1 --with-native-system-header-dir=/nix/store/eeeeeeeeeeeeeeeeeeeeeeeeeeeeeeee-glibc-2.39-52-dev/include --with-build-sysroot=/ --with-gxx-include-dir=/nix/store/eeeeeeeeeeeeeeeeeeeeeeeeeeeeeeee-gcc-13.2.0/include/c++/13.2.0/ --program-prefix= --enable-lto --disable-libstdcxx-pch --without-included-gettext --with-system-zlib --enable-static --enable-languages=c,c++ --disable-multilib --enable-plugin --disable-libcc1 --with-isl=/nix/store/eeeeeeeeeeeeeeeeeeeeeeeeeeeeeeee-isl-0.20 --disable-bootstrap --build=x86_64-unknown-linux-gnu --host=x86_64-unknown-linux-gnu --target=x86_64-unknown-linux-gnu]
  ignore line: [Thread model: posix]
  ignore line: [Supported LTO compression algorithms: zlib]
  ignore line: [gcc version 13.2.0 (GCC) ]
  ignore line: [COMPILER_PATH=/nix/store/c10zhkbp6jmyh0xc5kd123ga8yy2p4hk-glibc-2.39-52/lib/:/nix/store/swcl0ynnia5c57i6qfdcrqa72j7877mg-gcc-13.2.0-lib/lib/:/nix/store/r6k305g2rn0qqkvdxfvzqg7mhh7rw679-gcc-wrapper-13.2.0/bin/:/nix/store/6g5fhxv0bdm7236ixdwq1izzawbc7grm-gcc-13.2.0/libexec/gcc/x86_64-unknown-linux-gnu/13.2.0/:/nix/store/6g5fhxv0bdm7236ixdwq1izzawbc7grm-gcc-13.2.0/libexec/gcc/x86_64-unknown-linux-gnu/13.2.0/:/nix/store/6g5fhxv0bdm7236ixdwq1izzawbc7grm-gcc-13.2.0/libexec/gcc/x86_64-unknown-linux-gnu/:/nix/store/6g5fhxv0bdm7236ixdwq1izzawbc7grm-gcc-13.2.0/lib/gcc/x86_64-unknown-linux-gnu/13.2.0/:/nix/store/6g5fhxv0bdm7236ixdwq1izzawbc7grm-gcc-13.2.0/lib/gcc/x86_64-unknown-linux-gnu/]
  ignore line: [LIBRARY_PATH=/nix/store/c10zhkbp6jmyh0xc5kd123ga8yy2p4hk-glibc-2.39-52/lib/:/nix/store/swcl0ynnia5c57i6qfdcrqa72j7877mg-gcc-13.2.0-lib/lib/:/nix/store/r6k305g2rn0qqkvdxfvzqg7mhh7rw679-gcc-wrapper-13.2.0/bin/:/nix/store/6g5fhxv0bdm7236ixdwq1izzawbc7grm-gcc-13.2.0/lib/gcc/x86_64-unknown-linux-gnu/13.2.0/:/nix/store/6g5fhxv0bdm7236ixdwq1izzawbc7grm-gcc-13.2.0/lib/gcc/x86_64-unknown-linux-gnu/13.2.0/../../../../lib64/:/nix/store/6g5fhxv0bdm7236ixdwq1izzawbc7grm-gcc-13.2.0/lib/gcc/x86_64-unknown-linux-gnu/13.2.0/../../../]
  ignore line: [COLLECT_GCC_OPTIONS='-v' '-o' 'cmTC_1324f' '-rdynamic' '-B' '/nix/store/c10zhkbp6jmyh0xc5kd123ga8yy2p4hk-glibc-2.39-52/lib/' '-idirafter' '/nix/store/bl5b4ywrn1ls6fwc0cvsvwmr9hynr3gk-glibc-2.39-52-dev/include' '-idirafter' '/nix/store/6g5fhxv0bdm7236ixdwq1izzawbc7grm-gcc-13.2.0/lib/gcc/x86_64-unknown-linux-gnu/13.2.0/include-fixed' '-B' '/nix/store/swcl0ynnia5c57i6qfdcrqa72j7877mg-gcc-13.2.0-lib/lib' '-B' '/nix/store/r6k305g2rn0qqkvdxfvzqg7mhh7rw679-gcc-wrapper-13.2.0/bin/' '-idirafter' '/usr/include' '-L/usr/lib' '-L/usr/lib32' '-L/usr/lib' '-L/usr/lib32' '-L/nix/store/c10zhkbp6jmyh0xc5kd123ga8yy2p4hk-glibc-2.39-52/lib' '-L/nix/store/6g5fhxv0bdm7236ixdwq1izzawbc7grm-gcc-13.2.0/lib/gcc/x86_64-unknown-linux-gnu/13.2.0' '-L/nix/store/swcl0ynnia5c57i6qfdcrqa72j7877mg-gcc-13.2.0-lib/lib' '-L/nix/store/swcl0ynnia5c57i6qfdcrqa72j7877mg-gcc-13.2.0-lib/lib' '-mtune=generic' '-march=x86-64' '-dumpdir' 'cmTC_1324f.']
  link line: [ /nix/store/6g5fhxv0bdm7236ixdwq1izzawbc7grm-gcc-13.2.0/libexec/gcc/x86_64-unknown-linux-gnu/13.2.0/collect2 -plugin /nix/store/6g5fhxv0bdm7236ixdwq1izzawbc7grm-gcc-13.2.0/libexec/gcc/x86_64-unknown-linux-gnu/13.2.0/liblto_plugin.so -plugin-opt=/nix/store/6g5fhxv0bdm7236ixdwq1izzawbc7grm-gcc-13.2.0/libexec/gcc/x86_64-unknown-linux-gnu/13.2.0/lto-wrapper -plugin-opt=-fresolution=/tmp/ccsuktZJ.res -plugin-opt=-pass-through=-lgcc -plugin-opt=-pass-through=-lgcc_s -plugin-opt=-pass-through=-lc -plugin-opt=-pass-through=-lgcc -plugin-opt=-pass-through=-lgcc_s --eh-frame-hdr -m elf_x86_64 -export-dynamic -dynamic-linker /nix/store/c10zhkbp6jmyh0xc5kd123ga8yy2p4hk-glibc-2.39-52/lib64/ld-linux-x86-64.so.2 -o cmTC_1324f /nix/store/c10zhkbp6jmyh0xc5kd123ga8yy2p4hk-glibc-2.39-52/lib/crt1.o /nix/store/c10zhkbp6jmyh0xc5kd123ga8yy2p4hk-glibc-2.39-52/lib/crti.o /nix/store/6g5fhxv0bdm7236ixdwq1izzawbc7grm-gcc-13.2.0/lib/gcc/x86_64-unknown-linux-gnu/13.2.0/crtbegin.o -L/usr/lib -L/usr/lib32 -L/usr/lib -L/usr/lib32 -L/nix/store/c10zhkbp6jmyh0xc5kd123ga8yy2p4hk-glibc-2.39-52/lib -L/nix/store/6g5fhxv0bdm7236ixdwq1izzawbc7grm-gcc-13.2.0/lib/gcc/x86_64-unknown-linux-gnu/13.2.0 -L/nix/store/swcl0ynnia5c57i6qfdcrqa72j7877mg-gcc-13.2.0-lib/lib -L/nix/store/swcl0ynnia5c57i6qfdcrqa72j7877mg-gcc-13.2.0-lib/lib -L/nix/store/c10zhkbp6jmyh0xc5kd123ga8yy2p4hk-glibc-2.39-52/lib -L/nix/store/swcl0ynnia5c57i6qfdcrqa72j7877mg-gcc-13.2.0-lib/lib -L/nix/store/r6k305g2rn0qqkvdxfvzqg7mhh7rw679-gcc-wrapper-13.2.0/bin -L/nix/store/6g5fhxv0bdm7236ixdwq1izzawbc7grm-gcc-13.2.0/lib/gcc/x86_64-unknown-linux-gnu/13.2.0 -L/nix/store/6g5fhxv0bdm7236ixdwq1izzawbc7grm-gcc-13.2.0/lib/gcc/x86_64-unknown-linux-gnu/13.2.0/../../../../lib64 -L/nix/store/6g5fhxv0bdm7236ixdwq1izzawbc7grm-gcc-13.2.0/lib/gcc/x86_64-unknown-linux-gnu/13.2.0/../../.. -dynamic-linker=/nix/store/c10zhkbp6jmyh0xc5kd123ga8yy2p4hk-glibc-2.39-52/lib/ld-linux-x86-64.so.2 CMakeFiles/cmTC_1324f.dir/CMakeCCompilerABI.c.o -lgcc --push-state --as-needed -lgcc_s --pop-state -lc -lgcc --push-state --as-needed -lgcc_s --pop-state /nix/store/6g5fhxv0bdm7236ixdwq1izzawbc7grm-gcc-13.2.0/lib/gcc/x86_64-unknown-linux-gnu/13.2.0/crtend.o /nix/store/c10zhkbp6jmyh0xc5kd123ga8yy2p4hk-glibc-2.39-52/lib/crtn.o]
    arg [/nix/store/6g5fhxv0bdm7236ixdwq1izzawbc7grm-gcc-13.2.0/libexec/gcc/x86_64-unknown-linux-gnu/13.2.0/collect2] ==> ignore
    arg [-plugin] ==> ignore
    arg [/nix/store/6g5fhxv0bdm7236ixdwq1izzawbc7grm-gcc-13.2.0/libexec/gcc/x86_64-unknown-linux-gnu/13.2.0/liblto_plugin.so] ==> ignore
    arg [-plugin-opt=/nix/store/6g5fhxv0bdm7236ixdwq1izzawbc7grm-gcc-13.2.0/libexec/gcc/x86_64-unknown-linux-gnu/13.2.0/lto-wrapper] ==> ignore
    arg [-plugin-opt=-fresolution=/tmp/ccsuktZJ.res] ==> ignore
    arg [-plugin-opt=-pass-through=-lgcc] ==> ignore
    arg [-plugin-opt=-pass-through=-lgcc_s] ==> ignore
    arg [-plugin-opt=-pass-through=-lc] ==> ignore
    arg [-plugin-opt=-pass-through=-lgcc] ==> ignore
    arg [-plugin-opt=-pass-through=-lgcc_s] ==> ignore
    arg [--eh-frame-hdr] ==> ignore
    arg [-m] ==> ignore
    arg [elf_x86_64] ==> ignore
    arg [-export-dynamic] ==> ignore
    arg [-dynamic-linker] ==> ignore
    arg [/nix/store/c10zhkbp6jmyh0xc5kd123ga8yy2p4hk-glibc-2.39-52/lib64/ld-linux-x86-64.so.2] ==> ignore
    arg [-o] ==> ignore
    arg [cmTC_1324f] ==> ignore
    arg [/nix/store/c10zhkbp6jmyh0xc5kd123ga8yy2p4hk-glibc-2.39-52/lib/crt1.o] ==> ignore
    arg [/nix/store/c10zhkbp6jmyh0xc5kd123ga8yy2p4hk-glibc-2.39-52/lib/crti.o] ==> ignore
    arg [/nix/store/6g5fhxv0bdm7236ixdwq1izzawbc7grm-gcc-13.2.0/lib/gcc/x86_64-unknown-linux-gnu/13.2.0/crtbegin.o] ==> ignore
    arg [-L/usr/lib] ==> dir [/usr/lib]
    arg [-L/usr/lib32] ==> dir [/usr/lib32]
    arg [-L/usr/lib] ==> dir [/usr/lib]
    arg [-L/usr/lib32] ==> dir [/usr/lib32]
    arg [-L/nix/store/c10zhkbp6jmyh0xc5kd123ga8yy2p4hk-glibc-2.39-52/lib] ==> dir [/nix/store/c10zhkbp6jmyh0xc5kd123ga8yy2p4hk-glibc-2.39-52/lib]
    arg [-L/nix/store/6g5fhxv0bdm7236ixdwq1izzawbc7grm-gcc-13.2.0/lib/gcc/x86_64-unknown-linux-gnu/13.2.0] ==> dir [/nix/store/6g5fhxv0bdm7236ixdwq1izzawbc7grm-gcc-13.2.0/lib/gcc/x86_64-unknown-linux-gnu/13.2.0]
    arg [-L/nix/store/swcl0ynnia5c57i6qfdcrqa72j7877mg-gcc-13.2.0-lib/lib] ==> dir [/nix/store/swcl0ynnia5c57i6qfdcrqa72j7877mg-gcc-13.2.0-lib/lib]
    arg [-L/nix/store/swcl0ynnia5c57i6qfdcrqa72j7877mg-gcc-13.2.0-lib/lib] ==> dir [/nix/store/swcl0ynnia5c57i6qfdcrqa72j7877mg-gcc-13.2.0-lib/lib]
    arg [-L/nix/store/c10zhkbp6jmyh0xc5kd123ga8yy2p4hk-glibc-2.39-52/lib] ==> dir [/nix/store/c10zhkbp6jmyh0xc5kd123ga8yy2p4hk-glibc-2.39-52/lib]
    arg [-L/nix/store/swcl0ynnia5c57i6qfdcrqa72j7877mg-gcc-13.2.0-lib/lib] ==> dir [/nix/store/swcl0ynnia5c57i6qfdcrqa72j7877mg-gcc-13.2.0-lib/lib]
    arg [-L/nix/store/r6k305g2rn0qqkvdxfvzqg7mhh7rw679-gcc-wrapper-13.2.0/bin] ==> dir [/nix/store/r6k305g2rn0qqkvdxfvzqg7mhh7rw679-gcc-wrapper-13.2.0/bin]
    arg [-L/nix/store/6g5fhxv0bdm7236ixdwq1izzawbc7grm-gcc-13.2.0/lib/gcc/x86_64-unknown-linux-gnu/13.2.0] ==> dir [/nix/store/6g5fhxv0bdm7236ixdwq1izzawbc7grm-gcc-13.2.0/lib/gcc/x86_64-unknown-linux-gnu/13.2.0]
    arg [-L/nix/store/6g5fhxv0bdm7236ixdwq1izzawbc7grm-gcc-13.2.0/lib/gcc/x86_64-unknown-linux-gnu/13.2.0/../../../../lib64] ==> dir [/nix/store/6g5fhxv0bdm7236ixdwq1izzawbc7grm-gcc-13.2.0/lib/gcc/x86_64-unknown-linux-gnu/13.2.0/../../../../lib64]
    arg [-L/nix/store/6g5fhxv0bdm7236ixdwq1izzawbc7grm-gcc-13.2.0/lib/gcc/x86_64-unknown-linux-gnu/13.2.0/../../..] ==> dir [/nix/store/6g5fhxv0bdm7236ixdwq1izzawbc7grm-gcc-13.2.0/lib/gcc/x86_64-unknown-linux-gnu/13.2.0/../../..]
    arg [-dynamic-linker=/nix/store/c10zhkbp6jmyh0xc5kd123ga8yy2p4hk-glibc-2.39-52/lib/ld-linux-x86-64.so.2] ==> ignore
    arg [CMakeFiles/cmTC_1324f.dir/CMakeCCompilerABI.c.o] ==> ignore
    arg [-lgcc] ==> lib [gcc]
    arg [--push-state] ==> ignore
    arg [--as-needed] ==> ignore
    arg [-lgcc_s] ==> lib [gcc_s]
    arg [--pop-state] ==> ignore
    arg [-lc] ==> lib [c]
    arg [-lgcc] ==> lib [gcc]
    arg [--push-state] ==> ignore
    arg [--as-needed] ==> ignore
    arg [-lgcc_s] ==> lib [gcc_s]
    arg [--pop-state] ==> ignore
    arg [/nix/store/6g5fhxv0bdm7236ixdwq1izzawbc7grm-gcc-13.2.0/lib/gcc/x86_64-unknown-linux-gnu/13.2.0/crtend.o] ==> ignore
    arg [/nix/store/c10zhkbp6jmyh0xc5kd123ga8yy2p4hk-glibc-2.39-52/lib/crtn.o] ==> ignore
  remove lib [gcc]
  remove lib [gcc_s]
  remove lib [gcc]
  remove lib [gcc_s]
  collapse library dir [/usr/lib] ==> [/usr/lib]
  collapse library dir [/usr/lib32] ==> [/usr/lib32]
  collapse library dir [/usr/lib] ==> [/usr/lib]
  collapse library dir [/usr/lib32] ==> [/usr/lib32]
  collapse library dir [/nix/store/c10zhkbp6jmyh0xc5kd123ga8yy2p4hk-glibc-2.39-52/lib] ==> [/nix/store/c10zhkbp6jmyh0xc5kd123ga8yy2p4hk-glibc-2.39-52/lib]
  collapse library dir [/nix/store/6g5fhxv0bdm7236ixdwq1izzawbc7grm-gcc-13.2.0/lib/gcc/x86_64-unknown-linux-gnu/13.2.0] ==> [/nix/store/6g5fhxv0bdm7236ixdwq1izzawbc7grm-gcc-13.2.0/lib/gcc/x86_64-unknown-linux-gnu/13.2.0]
  collapse library dir [/nix/store/swcl0ynnia5c57i6qfdcrqa72j7877mg-gcc-13.2.0-lib/lib] ==> [/nix/store/swcl0ynnia5c57i6qfdcrqa72j7877mg-gcc-13.2.0-lib/lib]
  collapse library dir [/nix/store/swcl0ynnia5c57i6qfdcrqa72j7877mg-gcc-13.2.0-lib/lib] ==> [/nix/store/swcl0ynnia5c57i6qfdcrqa72j7877mg-gcc-13.2.0-lib/lib]
  collapse library dir [/nix/store/c10zhkbp6jmyh0xc5kd123ga8yy2p4hk-glibc-2.39-52/lib] ==> [/nix/store/c10zhkbp6jmyh0xc5kd123ga8yy2p4hk-glibc-2.39-52/lib]
  collapse library dir [/nix/store/swcl0ynnia5c57i6qfdcrqa72j7877mg-gcc-13.2.0-lib/lib] ==> [/nix/store/swcl0ynnia5c57i6qfdcrqa72j7877mg-gcc-13.2.0-lib/lib]
  collapse library dir [/nix/store/r6k305g2rn0qqkvdxfvzqg7mhh7rw679-gcc-wrapper-13.2.0/bin] ==> [/nix/store/r6k305g2rn0qqkvdxfvzqg7mhh7rw679-gcc-wrapper-13.2.0/bin]
  collapse library dir [/nix/store/6g5fhxv0bdm7236ixdwq1izzawbc7grm-gcc-13.2.0/lib/gcc/x86_64-unknown-linux-gnu/13.2.0] ==> [/nix/store/6g5fhxv0bdm7236ixdwq1izzawbc7grm-gcc-13.2.0/lib/gcc/x86_64-unknown-linux-gnu/13.2.0]
  collapse library dir [/nix/store/6g5fhxv0bdm7236ixdwq1izzawbc7grm-gcc-13.2.0/lib/gcc/x86_64-unknown-linux-gnu/13.2.0/../../../../lib64] ==> [/nix/store/6g5fhxv0bdm7236ixdwq1izzawbc7grm-gcc-13.2.0/lib64]
  collapse library dir [/nix/store/6g5fhxv0bdm7236ixdwq1izzawbc7grm-gcc-13.2.0/lib/gcc/x86_64-unknown-linux-gnu/13.2.0/../../..] ==> [/nix/store/6g5fhxv0bdm7236ixdwq1izzawbc7grm-gcc-13.2.0/lib]
  implicit libs: [c]
  implicit dirs: [/usr/lib;/usr/lib32;/nix/store/c10zhkbp6jmyh0xc5kd123ga8yy2p4hk-glibc-2.39-52/lib;/nix/store/6g5fhxv0bdm7236ixdwq1izzawbc7grm-gcc-13.2.0/lib/gcc/x86_64-unknown-linux-gnu/13.2.0;/nix/store/swcl0ynnia5c57i6qfdcrqa72j7877mg-gcc-13.2.0-lib/lib;/nix/store/r6k305g2rn0qqkvdxfvzqg7mhh7rw679-gcc-wrapper-13.2.0/bin;/nix/store/6g5fhxv0bdm7236ixdwq1izzawbc7grm-gcc-13.2.0/lib64;/nix/store/6g5fhxv0bdm7236ixdwq1izzawbc7grm-gcc-13.2.0/lib]
  implicit fwks: []




Detecting C [-std=c11] compiler features compiled with the following output:
Change Dir: /scratch/anubhav/Coyote/examples_hw/build_hw_8/CMakeFiles/CMakeTmp

Run Build Command:"/usr/bin/make" "cmTC_4864f/fast"
/usr/bin/make -f CMakeFiles/cmTC_4864f.dir/build.make CMakeFiles/cmTC_4864f.dir/build
make[1]: Entering directory '/scratch/anubhav/Coyote/examples_hw/build_hw_8/CMakeFiles/CMakeTmp'
Building C object CMakeFiles/cmTC_4864f.dir/feature_tests.c.o
/usr/bin/cc   -std=c11 -o CMakeFiles/cmTC_4864f.dir/feature_tests.c.o   -c /scratch/anubhav/Coyote/examples_hw/build_hw_8/CMakeFiles/feature_tests.c
Linking C executable cmTC_4864f
/share/xilinx/Vitis/2022.1/tps/lnx64/cmake-3.3.2/bin/cmake -E cmake_link_script CMakeFiles/cmTC_4864f.dir/link.txt --verbose=1
/usr/bin/cc       CMakeFiles/cmTC_4864f.dir/feature_tests.c.o  -o cmTC_4864f -rdynamic 
make[1]: Leaving directory '/scratch/anubhav/Coyote/examples_hw/build_hw_8/CMakeFiles/CMakeTmp'


    Feature record: C_FEATURE:1c_function_prototypes
    Feature record: C_FEATURE:1c_restrict
    Feature record: C_FEATURE:1c_static_assert
    Feature record: C_FEATURE:1c_variadic_macros


Detecting C [-std=c99] compiler features compiled with the following output:
Change Dir: /scratch/anubhav/Coyote/examples_hw/build_hw_8/CMakeFiles/CMakeTmp

Run Build Command:"/usr/bin/make" "cmTC_79a30/fast"
/usr/bin/make -f CMakeFiles/cmTC_79a30.dir/build.make CMakeFiles/cmTC_79a30.dir/build
make[1]: Entering directory '/scratch/anubhav/Coyote/examples_hw/build_hw_8/CMakeFiles/CMakeTmp'
Building C object CMakeFiles/cmTC_79a30.dir/feature_tests.c.o
/usr/bin/cc   -std=c99 -o CMakeFiles/cmTC_79a30.dir/feature_tests.c.o   -c /scratch/anubhav/Coyote/examples_hw/build_hw_8/CMakeFiles/feature_tests.c
Linking C executable cmTC_79a30
/share/xilinx/Vitis/2022.1/tps/lnx64/cmake-3.3.2/bin/cmake -E cmake_link_script CMakeFiles/cmTC_79a30.dir/link.txt --verbose=1
/usr/bin/cc       CMakeFiles/cmTC_79a30.dir/feature_tests.c.o  -o cmTC_79a30 -rdynamic 
make[1]: Leaving directory '/scratch/anubhav/Coyote/examples_hw/build_hw_8/CMakeFiles/CMakeTmp'


    Feature record: C_FEATURE:1c_function_prototypes
    Feature record: C_FEATURE:1c_restrict
    Feature record: C_FEATURE:0c_static_assert
    Feature record: C_FEATURE:1c_variadic_macros


Detecting C [-std=c90] compiler features compiled with the following output:
Change Dir: /scratch/anubhav/Coyote/examples_hw/build_hw_8/CMakeFiles/CMakeTmp

Run Build Command:"/usr/bin/make" "cmTC_c59e9/fast"
/usr/bin/make -f CMakeFiles/cmTC_c59e9.dir/build.make CMakeFiles/cmTC_c59e9.dir/build
make[1]: Entering directory '/scratch/anubhav/Coyote/examples_hw/build_hw_8/CMakeFiles/CMakeTmp'
Building C object CMakeFiles/cmTC_c59e9.dir/feature_tests.c.o
/usr/bin/cc   -std=c90 -o CMakeFiles/cmTC_c59e9.dir/feature_tests.c.o   -c /scratch/anubhav/Coyote/examples_hw/build_hw_8/CMakeFiles/feature_tests.c
Linking C executable cmTC_c59e9
/share/xilinx/Vitis/2022.1/tps/lnx64/cmake-3.3.2/bin/cmake -E cmake_link_script CMakeFiles/cmTC_c59e9.dir/link.txt --verbose=1
/usr/bin/cc       CMakeFiles/cmTC_c59e9.dir/feature_tests.c.o  -o cmTC_c59e9 -rdynamic 
make[1]: Leaving directory '/scratch/anubhav/Coyote/examples_hw/build_hw_8/CMakeFiles/CMakeTmp'


    Feature record: C_FEATURE:1c_function_prototypes
    Feature record: C_FEATURE:0c_restrict
    Feature record: C_FEATURE:0c_static_assert
    Feature record: C_FEATURE:0c_variadic_macros
Determining if the CXX compiler works passed with the following output:
Change Dir: /scratch/anubhav/Coyote/examples_hw/build_hw_8/CMakeFiles/CMakeTmp

Run Build Command:"/usr/bin/make" "cmTC_fa658/fast"
/usr/bin/make -f CMakeFiles/cmTC_fa658.dir/build.make CMakeFiles/cmTC_fa658.dir/build
make[1]: Entering directory '/scratch/anubhav/Coyote/examples_hw/build_hw_8/CMakeFiles/CMakeTmp'
Building CXX object CMakeFiles/cmTC_fa658.dir/testCXXCompiler.cxx.o
/usr/bin/c++     -o CMakeFiles/cmTC_fa658.dir/testCXXCompiler.cxx.o -c /scratch/anubhav/Coyote/examples_hw/build_hw_8/CMakeFiles/CMakeTmp/testCXXCompiler.cxx
Linking CXX executable cmTC_fa658
/share/xilinx/Vitis/2022.1/tps/lnx64/cmake-3.3.2/bin/cmake -E cmake_link_script CMakeFiles/cmTC_fa658.dir/link.txt --verbose=1
/usr/bin/c++        CMakeFiles/cmTC_fa658.dir/testCXXCompiler.cxx.o  -o cmTC_fa658 -rdynamic 
make[1]: Leaving directory '/scratch/anubhav/Coyote/examples_hw/build_hw_8/CMakeFiles/CMakeTmp'


Detecting CXX compiler ABI info compiled with the following output:
Change Dir: /scratch/anubhav/Coyote/examples_hw/build_hw_8/CMakeFiles/CMakeTmp

Run Build Command:"/usr/bin/make" "cmTC_5d057/fast"
/usr/bin/make -f CMakeFiles/cmTC_5d057.dir/build.make CMakeFiles/cmTC_5d057.dir/build
make[1]: Entering directory '/scratch/anubhav/Coyote/examples_hw/build_hw_8/CMakeFiles/CMakeTmp'
Building CXX object CMakeFiles/cmTC_5d057.dir/CMakeCXXCompilerABI.cpp.o
/usr/bin/c++     -o CMakeFiles/cmTC_5d057.dir/CMakeCXXCompilerABI.cpp.o -c /share/xilinx/Vitis/2022.1/tps/lnx64/cmake-3.3.2/share/cmake-3.3/Modules/CMakeCXXCompilerABI.cpp
Linking CXX executable cmTC_5d057
/share/xilinx/Vitis/2022.1/tps/lnx64/cmake-3.3.2/bin/cmake -E cmake_link_script CMakeFiles/cmTC_5d057.dir/link.txt --verbose=1
/usr/bin/c++       -v CMakeFiles/cmTC_5d057.dir/CMakeCXXCompilerABI.cpp.o  -o cmTC_5d057 -rdynamic  
Using built-in specs.
COLLECT_GCC=/nix/store/6g5fhxv0bdm7236ixdwq1izzawbc7grm-gcc-13.2.0/bin/g++
COLLECT_LTO_WRAPPER=/nix/store/6g5fhxv0bdm7236ixdwq1izzawbc7grm-gcc-13.2.0/libexec/gcc/x86_64-unknown-linux-gnu/13.2.0/lto-wrapper
Target: x86_64-unknown-linux-gnu
Configured with: ../gcc-13.2.0/configure --prefix=/nix/store/eeeeeeeeeeeeeeeeeeeeeeeeeeeeeeee-gcc-13.2.0 --with-gmp-include=/nix/store/eeeeeeeeeeeeeeeeeeeeeeeeeeeeeeee-gmp-6.3.0-dev/include --with-gmp-lib=/nix/store/eeeeeeeeeeeeeeeeeeeeeeeeeeeeeeee-gmp-6.3.0/lib --with-mpfr-include=/nix/store/eeeeeeeeeeeeeeeeeeeeeeeeeeeeeeee-mpfr-4.2.1-dev/include --with-mpfr-lib=/nix/store/eeeeeeeeeeeeeeeeeeeeeeeeeeeeeeee-mpfr-4.2.1/lib --with-mpc=/nix/store/eeeeeeeeeeeeeeeeeeeeeeeeeeeeeeee-libmpc-1.3.1 --with-native-system-header-dir=/nix/store/eeeeeeeeeeeeeeeeeeeeeeeeeeeeeeee-glibc-2.39-52-dev/include --with-build-sysroot=/ --with-gxx-include-dir=/nix/store/eeeeeeeeeeeeeeeeeeeeeeeeeeeeeeee-gcc-13.2.0/include/c++/13.2.0/ --program-prefix= --enable-lto --disable-libstdcxx-pch --without-included-gettext --with-system-zlib --enable-static --enable-languages=c,c++ --disable-multilib --enable-plugin --disable-libcc1 --with-isl=/nix/store/eeeeeeeeeeeeeeeeeeeeeeeeeeeeeeee-isl-0.20 --disable-bootstrap --build=x86_64-unknown-linux-gnu --host=x86_64-unknown-linux-gnu --target=x86_64-unknown-linux-gnu
Thread model: posix
Supported LTO compression algorithms: zlib
gcc version 13.2.0 (GCC) 
COMPILER_PATH=/nix/store/c10zhkbp6jmyh0xc5kd123ga8yy2p4hk-glibc-2.39-52/lib/:/nix/store/swcl0ynnia5c57i6qfdcrqa72j7877mg-gcc-13.2.0-lib/lib/:/nix/store/r6k305g2rn0qqkvdxfvzqg7mhh7rw679-gcc-wrapper-13.2.0/bin/:/nix/store/6g5fhxv0bdm7236ixdwq1izzawbc7grm-gcc-13.2.0/libexec/gcc/x86_64-unknown-linux-gnu/13.2.0/:/nix/store/6g5fhxv0bdm7236ixdwq1izzawbc7grm-gcc-13.2.0/libexec/gcc/x86_64-unknown-linux-gnu/13.2.0/:/nix/store/6g5fhxv0bdm7236ixdwq1izzawbc7grm-gcc-13.2.0/libexec/gcc/x86_64-unknown-linux-gnu/:/nix/store/6g5fhxv0bdm7236ixdwq1izzawbc7grm-gcc-13.2.0/lib/gcc/x86_64-unknown-linux-gnu/13.2.0/:/nix/store/6g5fhxv0bdm7236ixdwq1izzawbc7grm-gcc-13.2.0/lib/gcc/x86_64-unknown-linux-gnu/
LIBRARY_PATH=/nix/store/c10zhkbp6jmyh0xc5kd123ga8yy2p4hk-glibc-2.39-52/lib/:/nix/store/swcl0ynnia5c57i6qfdcrqa72j7877mg-gcc-13.2.0-lib/lib/:/nix/store/r6k305g2rn0qqkvdxfvzqg7mhh7rw679-gcc-wrapper-13.2.0/bin/:/nix/store/6g5fhxv0bdm7236ixdwq1izzawbc7grm-gcc-13.2.0/lib/gcc/x86_64-unknown-linux-gnu/13.2.0/:/nix/store/6g5fhxv0bdm7236ixdwq1izzawbc7grm-gcc-13.2.0/lib/gcc/x86_64-unknown-linux-gnu/13.2.0/../../../../lib64/:/nix/store/6g5fhxv0bdm7236ixdwq1izzawbc7grm-gcc-13.2.0/lib/gcc/x86_64-unknown-linux-gnu/13.2.0/../../../
COLLECT_GCC_OPTIONS='-v' '-o' 'cmTC_5d057' '-rdynamic' '-B' '/nix/store/c10zhkbp6jmyh0xc5kd123ga8yy2p4hk-glibc-2.39-52/lib/' '-idirafter' '/nix/store/bl5b4ywrn1ls6fwc0cvsvwmr9hynr3gk-glibc-2.39-52-dev/include' '-idirafter' '/nix/store/6g5fhxv0bdm7236ixdwq1izzawbc7grm-gcc-13.2.0/lib/gcc/x86_64-unknown-linux-gnu/13.2.0/include-fixed' '-B' '/nix/store/swcl0ynnia5c57i6qfdcrqa72j7877mg-gcc-13.2.0-lib/lib' '-B' '/nix/store/r6k305g2rn0qqkvdxfvzqg7mhh7rw679-gcc-wrapper-13.2.0/bin/' '-idirafter' '/usr/include' '-L/usr/lib' '-L/usr/lib32' '-L/usr/lib' '-L/usr/lib32' '-L/nix/store/c10zhkbp6jmyh0xc5kd123ga8yy2p4hk-glibc-2.39-52/lib' '-L/nix/store/6g5fhxv0bdm7236ixdwq1izzawbc7grm-gcc-13.2.0/lib/gcc/x86_64-unknown-linux-gnu/13.2.0' '-L/nix/store/swcl0ynnia5c57i6qfdcrqa72j7877mg-gcc-13.2.0-lib/lib' '-L/nix/store/swcl0ynnia5c57i6qfdcrqa72j7877mg-gcc-13.2.0-lib/lib' '-shared-libgcc' '-mtune=generic' '-march=x86-64' '-dumpdir' 'cmTC_5d057.'
 /nix/store/6g5fhxv0bdm7236ixdwq1izzawbc7grm-gcc-13.2.0/libexec/gcc/x86_64-unknown-linux-gnu/13.2.0/collect2 -plugin /nix/store/6g5fhxv0bdm7236ixdwq1izzawbc7grm-gcc-13.2.0/libexec/gcc/x86_64-unknown-linux-gnu/13.2.0/liblto_plugin.so -plugin-opt=/nix/store/6g5fhxv0bdm7236ixdwq1izzawbc7grm-gcc-13.2.0/libexec/gcc/x86_64-unknown-linux-gnu/13.2.0/lto-wrapper -plugin-opt=-fresolution=/tmp/ccavgvCV.res -plugin-opt=-pass-through=-lgcc_s -plugin-opt=-pass-through=-lgcc -plugin-opt=-pass-through=-lc -plugin-opt=-pass-through=-lgcc_s -plugin-opt=-pass-through=-lgcc --eh-frame-hdr -m elf_x86_64 -export-dynamic -dynamic-linker /nix/store/c10zhkbp6jmyh0xc5kd123ga8yy2p4hk-glibc-2.39-52/lib64/ld-linux-x86-64.so.2 -o cmTC_5d057 /nix/store/c10zhkbp6jmyh0xc5kd123ga8yy2p4hk-glibc-2.39-52/lib/crt1.o /nix/store/c10zhkbp6jmyh0xc5kd123ga8yy2p4hk-glibc-2.39-52/lib/crti.o /nix/store/6g5fhxv0bdm7236ixdwq1izzawbc7grm-gcc-13.2.0/lib/gcc/x86_64-unknown-linux-gnu/13.2.0/crtbegin.o -L/usr/lib -L/usr/lib32 -L/usr/lib -L/usr/lib32 -L/nix/store/c10zhkbp6jmyh0xc5kd123ga8yy2p4hk-glibc-2.39-52/lib -L/nix/store/6g5fhxv0bdm7236ixdwq1izzawbc7grm-gcc-13.2.0/lib/gcc/x86_64-unknown-linux-gnu/13.2.0 -L/nix/store/swcl0ynnia5c57i6qfdcrqa72j7877mg-gcc-13.2.0-lib/lib -L/nix/store/swcl0ynnia5c57i6qfdcrqa72j7877mg-gcc-13.2.0-lib/lib -L/nix/store/c10zhkbp6jmyh0xc5kd123ga8yy2p4hk-glibc-2.39-52/lib -L/nix/store/swcl0ynnia5c57i6qfdcrqa72j7877mg-gcc-13.2.0-lib/lib -L/nix/store/r6k305g2rn0qqkvdxfvzqg7mhh7rw679-gcc-wrapper-13.2.0/bin -L/nix/store/6g5fhxv0bdm7236ixdwq1izzawbc7grm-gcc-13.2.0/lib/gcc/x86_64-unknown-linux-gnu/13.2.0 -L/nix/store/6g5fhxv0bdm7236ixdwq1izzawbc7grm-gcc-13.2.0/lib/gcc/x86_64-unknown-linux-gnu/13.2.0/../../../../lib64 -L/nix/store/6g5fhxv0bdm7236ixdwq1izzawbc7grm-gcc-13.2.0/lib/gcc/x86_64-unknown-linux-gnu/13.2.0/../../.. -dynamic-linker=/nix/store/c10zhkbp6jmyh0xc5kd123ga8yy2p4hk-glibc-2.39-52/lib/ld-linux-x86-64.so.2 CMakeFiles/cmTC_5d057.dir/CMakeCXXCompilerABI.cpp.o -lstdc++ -lm -lgcc_s -lgcc -lc -lgcc_s -lgcc /nix/store/6g5fhxv0bdm7236ixdwq1izzawbc7grm-gcc-13.2.0/lib/gcc/x86_64-unknown-linux-gnu/13.2.0/crtend.o /nix/store/c10zhkbp6jmyh0xc5kd123ga8yy2p4hk-glibc-2.39-52/lib/crtn.o
COLLECT_GCC_OPTIONS='-v' '-o' 'cmTC_5d057' '-rdynamic' '-B' '/nix/store/c10zhkbp6jmyh0xc5kd123ga8yy2p4hk-glibc-2.39-52/lib/' '-idirafter' '/nix/store/bl5b4ywrn1ls6fwc0cvsvwmr9hynr3gk-glibc-2.39-52-dev/include' '-idirafter' '/nix/store/6g5fhxv0bdm7236ixdwq1izzawbc7grm-gcc-13.2.0/lib/gcc/x86_64-unknown-linux-gnu/13.2.0/include-fixed' '-B' '/nix/store/swcl0ynnia5c57i6qfdcrqa72j7877mg-gcc-13.2.0-lib/lib' '-B' '/nix/store/r6k305g2rn0qqkvdxfvzqg7mhh7rw679-gcc-wrapper-13.2.0/bin/' '-idirafter' '/usr/include' '-L/usr/lib' '-L/usr/lib32' '-L/usr/lib' '-L/usr/lib32' '-L/nix/store/c10zhkbp6jmyh0xc5kd123ga8yy2p4hk-glibc-2.39-52/lib' '-L/nix/store/6g5fhxv0bdm7236ixdwq1izzawbc7grm-gcc-13.2.0/lib/gcc/x86_64-unknown-linux-gnu/13.2.0' '-L/nix/store/swcl0ynnia5c57i6qfdcrqa72j7877mg-gcc-13.2.0-lib/lib' '-L/nix/store/swcl0ynnia5c57i6qfdcrqa72j7877mg-gcc-13.2.0-lib/lib' '-shared-libgcc' '-mtune=generic' '-march=x86-64' '-dumpdir' 'cmTC_5d057.'
make[1]: Leaving directory '/scratch/anubhav/Coyote/examples_hw/build_hw_8/CMakeFiles/CMakeTmp'


Parsed CXX implicit link information from above output:
  link line regex: [^( *|.*[/\])(ld|([^/\]+-)?ld|collect2)[^/\]*( |$)]
  ignore line: [Change Dir: /scratch/anubhav/Coyote/examples_hw/build_hw_8/CMakeFiles/CMakeTmp]
  ignore line: []
  ignore line: [Run Build Command:"/usr/bin/make" "cmTC_5d057/fast"]
  ignore line: [/usr/bin/make -f CMakeFiles/cmTC_5d057.dir/build.make CMakeFiles/cmTC_5d057.dir/build]
  ignore line: [make[1]: Entering directory '/scratch/anubhav/Coyote/examples_hw/build_hw_8/CMakeFiles/CMakeTmp']
  ignore line: [Building CXX object CMakeFiles/cmTC_5d057.dir/CMakeCXXCompilerABI.cpp.o]
  ignore line: [/usr/bin/c++     -o CMakeFiles/cmTC_5d057.dir/CMakeCXXCompilerABI.cpp.o -c /share/xilinx/Vitis/2022.1/tps/lnx64/cmake-3.3.2/share/cmake-3.3/Modules/CMakeCXXCompilerABI.cpp]
  ignore line: [Linking CXX executable cmTC_5d057]
  ignore line: [/share/xilinx/Vitis/2022.1/tps/lnx64/cmake-3.3.2/bin/cmake -E cmake_link_script CMakeFiles/cmTC_5d057.dir/link.txt --verbose=1]
  ignore line: [/usr/bin/c++       -v CMakeFiles/cmTC_5d057.dir/CMakeCXXCompilerABI.cpp.o  -o cmTC_5d057 -rdynamic  ]
  ignore line: [Using built-in specs.]
  ignore line: [COLLECT_GCC=/nix/store/6g5fhxv0bdm7236ixdwq1izzawbc7grm-gcc-13.2.0/bin/g++]
  ignore line: [COLLECT_LTO_WRAPPER=/nix/store/6g5fhxv0bdm7236ixdwq1izzawbc7grm-gcc-13.2.0/libexec/gcc/x86_64-unknown-linux-gnu/13.2.0/lto-wrapper]
  ignore line: [Target: x86_64-unknown-linux-gnu]
  ignore line: [Configured with: ../gcc-13.2.0/configure --prefix=/nix/store/eeeeeeeeeeeeeeeeeeeeeeeeeeeeeeee-gcc-13.2.0 --with-gmp-include=/nix/store/eeeeeeeeeeeeeeeeeeeeeeeeeeeeeeee-gmp-6.3.0-dev/include --with-gmp-lib=/nix/store/eeeeeeeeeeeeeeeeeeeeeeeeeeeeeeee-gmp-6.3.0/lib --with-mpfr-include=/nix/store/eeeeeeeeeeeeeeeeeeeeeeeeeeeeeeee-mpfr-4.2.1-dev/include --with-mpfr-lib=/nix/store/eeeeeeeeeeeeeeeeeeeeeeeeeeeeeeee-mpfr-4.2.1/lib --with-mpc=/nix/store/eeeeeeeeeeeeeeeeeeeeeeeeeeeeeeee-libmpc-1.3.1 --with-native-system-header-dir=/nix/store/eeeeeeeeeeeeeeeeeeeeeeeeeeeeeeee-glibc-2.39-52-dev/include --with-build-sysroot=/ --with-gxx-include-dir=/nix/store/eeeeeeeeeeeeeeeeeeeeeeeeeeeeeeee-gcc-13.2.0/include/c++/13.2.0/ --program-prefix= --enable-lto --disable-libstdcxx-pch --without-included-gettext --with-system-zlib --enable-static --enable-languages=c,c++ --disable-multilib --enable-plugin --disable-libcc1 --with-isl=/nix/store/eeeeeeeeeeeeeeeeeeeeeeeeeeeeeeee-isl-0.20 --disable-bootstrap --build=x86_64-unknown-linux-gnu --host=x86_64-unknown-linux-gnu --target=x86_64-unknown-linux-gnu]
  ignore line: [Thread model: posix]
  ignore line: [Supported LTO compression algorithms: zlib]
  ignore line: [gcc version 13.2.0 (GCC) ]
  ignore line: [COMPILER_PATH=/nix/store/c10zhkbp6jmyh0xc5kd123ga8yy2p4hk-glibc-2.39-52/lib/:/nix/store/swcl0ynnia5c57i6qfdcrqa72j7877mg-gcc-13.2.0-lib/lib/:/nix/store/r6k305g2rn0qqkvdxfvzqg7mhh7rw679-gcc-wrapper-13.2.0/bin/:/nix/store/6g5fhxv0bdm7236ixdwq1izzawbc7grm-gcc-13.2.0/libexec/gcc/x86_64-unknown-linux-gnu/13.2.0/:/nix/store/6g5fhxv0bdm7236ixdwq1izzawbc7grm-gcc-13.2.0/libexec/gcc/x86_64-unknown-linux-gnu/13.2.0/:/nix/store/6g5fhxv0bdm7236ixdwq1izzawbc7grm-gcc-13.2.0/libexec/gcc/x86_64-unknown-linux-gnu/:/nix/store/6g5fhxv0bdm7236ixdwq1izzawbc7grm-gcc-13.2.0/lib/gcc/x86_64-unknown-linux-gnu/13.2.0/:/nix/store/6g5fhxv0bdm7236ixdwq1izzawbc7grm-gcc-13.2.0/lib/gcc/x86_64-unknown-linux-gnu/]
  ignore line: [LIBRARY_PATH=/nix/store/c10zhkbp6jmyh0xc5kd123ga8yy2p4hk-glibc-2.39-52/lib/:/nix/store/swcl0ynnia5c57i6qfdcrqa72j7877mg-gcc-13.2.0-lib/lib/:/nix/store/r6k305g2rn0qqkvdxfvzqg7mhh7rw679-gcc-wrapper-13.2.0/bin/:/nix/store/6g5fhxv0bdm7236ixdwq1izzawbc7grm-gcc-13.2.0/lib/gcc/x86_64-unknown-linux-gnu/13.2.0/:/nix/store/6g5fhxv0bdm7236ixdwq1izzawbc7grm-gcc-13.2.0/lib/gcc/x86_64-unknown-linux-gnu/13.2.0/../../../../lib64/:/nix/store/6g5fhxv0bdm7236ixdwq1izzawbc7grm-gcc-13.2.0/lib/gcc/x86_64-unknown-linux-gnu/13.2.0/../../../]
  ignore line: [COLLECT_GCC_OPTIONS='-v' '-o' 'cmTC_5d057' '-rdynamic' '-B' '/nix/store/c10zhkbp6jmyh0xc5kd123ga8yy2p4hk-glibc-2.39-52/lib/' '-idirafter' '/nix/store/bl5b4ywrn1ls6fwc0cvsvwmr9hynr3gk-glibc-2.39-52-dev/include' '-idirafter' '/nix/store/6g5fhxv0bdm7236ixdwq1izzawbc7grm-gcc-13.2.0/lib/gcc/x86_64-unknown-linux-gnu/13.2.0/include-fixed' '-B' '/nix/store/swcl0ynnia5c57i6qfdcrqa72j7877mg-gcc-13.2.0-lib/lib' '-B' '/nix/store/r6k305g2rn0qqkvdxfvzqg7mhh7rw679-gcc-wrapper-13.2.0/bin/' '-idirafter' '/usr/include' '-L/usr/lib' '-L/usr/lib32' '-L/usr/lib' '-L/usr/lib32' '-L/nix/store/c10zhkbp6jmyh0xc5kd123ga8yy2p4hk-glibc-2.39-52/lib' '-L/nix/store/6g5fhxv0bdm7236ixdwq1izzawbc7grm-gcc-13.2.0/lib/gcc/x86_64-unknown-linux-gnu/13.2.0' '-L/nix/store/swcl0ynnia5c57i6qfdcrqa72j7877mg-gcc-13.2.0-lib/lib' '-L/nix/store/swcl0ynnia5c57i6qfdcrqa72j7877mg-gcc-13.2.0-lib/lib' '-shared-libgcc' '-mtune=generic' '-march=x86-64' '-dumpdir' 'cmTC_5d057.']
  link line: [ /nix/store/6g5fhxv0bdm7236ixdwq1izzawbc7grm-gcc-13.2.0/libexec/gcc/x86_64-unknown-linux-gnu/13.2.0/collect2 -plugin /nix/store/6g5fhxv0bdm7236ixdwq1izzawbc7grm-gcc-13.2.0/libexec/gcc/x86_64-unknown-linux-gnu/13.2.0/liblto_plugin.so -plugin-opt=/nix/store/6g5fhxv0bdm7236ixdwq1izzawbc7grm-gcc-13.2.0/libexec/gcc/x86_64-unknown-linux-gnu/13.2.0/lto-wrapper -plugin-opt=-fresolution=/tmp/ccavgvCV.res -plugin-opt=-pass-through=-lgcc_s -plugin-opt=-pass-through=-lgcc -plugin-opt=-pass-through=-lc -plugin-opt=-pass-through=-lgcc_s -plugin-opt=-pass-through=-lgcc --eh-frame-hdr -m elf_x86_64 -export-dynamic -dynamic-linker /nix/store/c10zhkbp6jmyh0xc5kd123ga8yy2p4hk-glibc-2.39-52/lib64/ld-linux-x86-64.so.2 -o cmTC_5d057 /nix/store/c10zhkbp6jmyh0xc5kd123ga8yy2p4hk-glibc-2.39-52/lib/crt1.o /nix/store/c10zhkbp6jmyh0xc5kd123ga8yy2p4hk-glibc-2.39-52/lib/crti.o /nix/store/6g5fhxv0bdm7236ixdwq1izzawbc7grm-gcc-13.2.0/lib/gcc/x86_64-unknown-linux-gnu/13.2.0/crtbegin.o -L/usr/lib -L/usr/lib32 -L/usr/lib -L/usr/lib32 -L/nix/store/c10zhkbp6jmyh0xc5kd123ga8yy2p4hk-glibc-2.39-52/lib -L/nix/store/6g5fhxv0bdm7236ixdwq1izzawbc7grm-gcc-13.2.0/lib/gcc/x86_64-unknown-linux-gnu/13.2.0 -L/nix/store/swcl0ynnia5c57i6qfdcrqa72j7877mg-gcc-13.2.0-lib/lib -L/nix/store/swcl0ynnia5c57i6qfdcrqa72j7877mg-gcc-13.2.0-lib/lib -L/nix/store/c10zhkbp6jmyh0xc5kd123ga8yy2p4hk-glibc-2.39-52/lib -L/nix/store/swcl0ynnia5c57i6qfdcrqa72j7877mg-gcc-13.2.0-lib/lib -L/nix/store/r6k305g2rn0qqkvdxfvzqg7mhh7rw679-gcc-wrapper-13.2.0/bin -L/nix/store/6g5fhxv0bdm7236ixdwq1izzawbc7grm-gcc-13.2.0/lib/gcc/x86_64-unknown-linux-gnu/13.2.0 -L/nix/store/6g5fhxv0bdm7236ixdwq1izzawbc7grm-gcc-13.2.0/lib/gcc/x86_64-unknown-linux-gnu/13.2.0/../../../../lib64 -L/nix/store/6g5fhxv0bdm7236ixdwq1izzawbc7grm-gcc-13.2.0/lib/gcc/x86_64-unknown-linux-gnu/13.2.0/../../.. -dynamic-linker=/nix/store/c10zhkbp6jmyh0xc5kd123ga8yy2p4hk-glibc-2.39-52/lib/ld-linux-x86-64.so.2 CMakeFiles/cmTC_5d057.dir/CMakeCXXCompilerABI.cpp.o -lstdc++ -lm -lgcc_s -lgcc -lc -lgcc_s -lgcc /nix/store/6g5fhxv0bdm7236ixdwq1izzawbc7grm-gcc-13.2.0/lib/gcc/x86_64-unknown-linux-gnu/13.2.0/crtend.o /nix/store/c10zhkbp6jmyh0xc5kd123ga8yy2p4hk-glibc-2.39-52/lib/crtn.o]
    arg [/nix/store/6g5fhxv0bdm7236ixdwq1izzawbc7grm-gcc-13.2.0/libexec/gcc/x86_64-unknown-linux-gnu/13.2.0/collect2] ==> ignore
    arg [-plugin] ==> ignore
    arg [/nix/store/6g5fhxv0bdm7236ixdwq1izzawbc7grm-gcc-13.2.0/libexec/gcc/x86_64-unknown-linux-gnu/13.2.0/liblto_plugin.so] ==> ignore
    arg [-plugin-opt=/nix/store/6g5fhxv0bdm7236ixdwq1izzawbc7grm-gcc-13.2.0/libexec/gcc/x86_64-unknown-linux-gnu/13.2.0/lto-wrapper] ==> ignore
    arg [-plugin-opt=-fresolution=/tmp/ccavgvCV.res] ==> ignore
    arg [-plugin-opt=-pass-through=-lgcc_s] ==> ignore
    arg [-plugin-opt=-pass-through=-lgcc] ==> ignore
    arg [-plugin-opt=-pass-through=-lc] ==> ignore
    arg [-plugin-opt=-pass-through=-lgcc_s] ==> ignore
    arg [-plugin-opt=-pass-through=-lgcc] ==> ignore
    arg [--eh-frame-hdr] ==> ignore
    arg [-m] ==> ignore
    arg [elf_x86_64] ==> ignore
    arg [-export-dynamic] ==> ignore
    arg [-dynamic-linker] ==> ignore
    arg [/nix/store/c10zhkbp6jmyh0xc5kd123ga8yy2p4hk-glibc-2.39-52/lib64/ld-linux-x86-64.so.2] ==> ignore
    arg [-o] ==> ignore
    arg [cmTC_5d057] ==> ignore
    arg [/nix/store/c10zhkbp6jmyh0xc5kd123ga8yy2p4hk-glibc-2.39-52/lib/crt1.o] ==> ignore
    arg [/nix/store/c10zhkbp6jmyh0xc5kd123ga8yy2p4hk-glibc-2.39-52/lib/crti.o] ==> ignore
    arg [/nix/store/6g5fhxv0bdm7236ixdwq1izzawbc7grm-gcc-13.2.0/lib/gcc/x86_64-unknown-linux-gnu/13.2.0/crtbegin.o] ==> ignore
    arg [-L/usr/lib] ==> dir [/usr/lib]
    arg [-L/usr/lib32] ==> dir [/usr/lib32]
    arg [-L/usr/lib] ==> dir [/usr/lib]
    arg [-L/usr/lib32] ==> dir [/usr/lib32]
    arg [-L/nix/store/c10zhkbp6jmyh0xc5kd123ga8yy2p4hk-glibc-2.39-52/lib] ==> dir [/nix/store/c10zhkbp6jmyh0xc5kd123ga8yy2p4hk-glibc-2.39-52/lib]
    arg [-L/nix/store/6g5fhxv0bdm7236ixdwq1izzawbc7grm-gcc-13.2.0/lib/gcc/x86_64-unknown-linux-gnu/13.2.0] ==> dir [/nix/store/6g5fhxv0bdm7236ixdwq1izzawbc7grm-gcc-13.2.0/lib/gcc/x86_64-unknown-linux-gnu/13.2.0]
    arg [-L/nix/store/swcl0ynnia5c57i6qfdcrqa72j7877mg-gcc-13.2.0-lib/lib] ==> dir [/nix/store/swcl0ynnia5c57i6qfdcrqa72j7877mg-gcc-13.2.0-lib/lib]
    arg [-L/nix/store/swcl0ynnia5c57i6qfdcrqa72j7877mg-gcc-13.2.0-lib/lib] ==> dir [/nix/store/swcl0ynnia5c57i6qfdcrqa72j7877mg-gcc-13.2.0-lib/lib]
    arg [-L/nix/store/c10zhkbp6jmyh0xc5kd123ga8yy2p4hk-glibc-2.39-52/lib] ==> dir [/nix/store/c10zhkbp6jmyh0xc5kd123ga8yy2p4hk-glibc-2.39-52/lib]
    arg [-L/nix/store/swcl0ynnia5c57i6qfdcrqa72j7877mg-gcc-13.2.0-lib/lib] ==> dir [/nix/store/swcl0ynnia5c57i6qfdcrqa72j7877mg-gcc-13.2.0-lib/lib]
    arg [-L/nix/store/r6k305g2rn0qqkvdxfvzqg7mhh7rw679-gcc-wrapper-13.2.0/bin] ==> dir [/nix/store/r6k305g2rn0qqkvdxfvzqg7mhh7rw679-gcc-wrapper-13.2.0/bin]
    arg [-L/nix/store/6g5fhxv0bdm7236ixdwq1izzawbc7grm-gcc-13.2.0/lib/gcc/x86_64-unknown-linux-gnu/13.2.0] ==> dir [/nix/store/6g5fhxv0bdm7236ixdwq1izzawbc7grm-gcc-13.2.0/lib/gcc/x86_64-unknown-linux-gnu/13.2.0]
    arg [-L/nix/store/6g5fhxv0bdm7236ixdwq1izzawbc7grm-gcc-13.2.0/lib/gcc/x86_64-unknown-linux-gnu/13.2.0/../../../../lib64] ==> dir [/nix/store/6g5fhxv0bdm7236ixdwq1izzawbc7grm-gcc-13.2.0/lib/gcc/x86_64-unknown-linux-gnu/13.2.0/../../../../lib64]
    arg [-L/nix/store/6g5fhxv0bdm7236ixdwq1izzawbc7grm-gcc-13.2.0/lib/gcc/x86_64-unknown-linux-gnu/13.2.0/../../..] ==> dir [/nix/store/6g5fhxv0bdm7236ixdwq1izzawbc7grm-gcc-13.2.0/lib/gcc/x86_64-unknown-linux-gnu/13.2.0/../../..]
    arg [-dynamic-linker=/nix/store/c10zhkbp6jmyh0xc5kd123ga8yy2p4hk-glibc-2.39-52/lib/ld-linux-x86-64.so.2] ==> ignore
    arg [CMakeFiles/cmTC_5d057.dir/CMakeCXXCompilerABI.cpp.o] ==> ignore
    arg [-lstdc++] ==> lib [stdc++]
    arg [-lm] ==> lib [m]
    arg [-lgcc_s] ==> lib [gcc_s]
    arg [-lgcc] ==> lib [gcc]
    arg [-lc] ==> lib [c]
    arg [-lgcc_s] ==> lib [gcc_s]
    arg [-lgcc] ==> lib [gcc]
    arg [/nix/store/6g5fhxv0bdm7236ixdwq1izzawbc7grm-gcc-13.2.0/lib/gcc/x86_64-unknown-linux-gnu/13.2.0/crtend.o] ==> ignore
    arg [/nix/store/c10zhkbp6jmyh0xc5kd123ga8yy2p4hk-glibc-2.39-52/lib/crtn.o] ==> ignore
  remove lib [gcc_s]
  remove lib [gcc]
  remove lib [gcc_s]
  remove lib [gcc]
  collapse library dir [/usr/lib] ==> [/usr/lib]
  collapse library dir [/usr/lib32] ==> [/usr/lib32]
  collapse library dir [/usr/lib] ==> [/usr/lib]
  collapse library dir [/usr/lib32] ==> [/usr/lib32]
  collapse library dir [/nix/store/c10zhkbp6jmyh0xc5kd123ga8yy2p4hk-glibc-2.39-52/lib] ==> [/nix/store/c10zhkbp6jmyh0xc5kd123ga8yy2p4hk-glibc-2.39-52/lib]
  collapse library dir [/nix/store/6g5fhxv0bdm7236ixdwq1izzawbc7grm-gcc-13.2.0/lib/gcc/x86_64-unknown-linux-gnu/13.2.0] ==> [/nix/store/6g5fhxv0bdm7236ixdwq1izzawbc7grm-gcc-13.2.0/lib/gcc/x86_64-unknown-linux-gnu/13.2.0]
  collapse library dir [/nix/store/swcl0ynnia5c57i6qfdcrqa72j7877mg-gcc-13.2.0-lib/lib] ==> [/nix/store/swcl0ynnia5c57i6qfdcrqa72j7877mg-gcc-13.2.0-lib/lib]
  collapse library dir [/nix/store/swcl0ynnia5c57i6qfdcrqa72j7877mg-gcc-13.2.0-lib/lib] ==> [/nix/store/swcl0ynnia5c57i6qfdcrqa72j7877mg-gcc-13.2.0-lib/lib]
  collapse library dir [/nix/store/c10zhkbp6jmyh0xc5kd123ga8yy2p4hk-glibc-2.39-52/lib] ==> [/nix/store/c10zhkbp6jmyh0xc5kd123ga8yy2p4hk-glibc-2.39-52/lib]
  collapse library dir [/nix/store/swcl0ynnia5c57i6qfdcrqa72j7877mg-gcc-13.2.0-lib/lib] ==> [/nix/store/swcl0ynnia5c57i6qfdcrqa72j7877mg-gcc-13.2.0-lib/lib]
  collapse library dir [/nix/store/r6k305g2rn0qqkvdxfvzqg7mhh7rw679-gcc-wrapper-13.2.0/bin] ==> [/nix/store/r6k305g2rn0qqkvdxfvzqg7mhh7rw679-gcc-wrapper-13.2.0/bin]
  collapse library dir [/nix/store/6g5fhxv0bdm7236ixdwq1izzawbc7grm-gcc-13.2.0/lib/gcc/x86_64-unknown-linux-gnu/13.2.0] ==> [/nix/store/6g5fhxv0bdm7236ixdwq1izzawbc7grm-gcc-13.2.0/lib/gcc/x86_64-unknown-linux-gnu/13.2.0]
  collapse library dir [/nix/store/6g5fhxv0bdm7236ixdwq1izzawbc7grm-gcc-13.2.0/lib/gcc/x86_64-unknown-linux-gnu/13.2.0/../../../../lib64] ==> [/nix/store/6g5fhxv0bdm7236ixdwq1izzawbc7grm-gcc-13.2.0/lib64]
  collapse library dir [/nix/store/6g5fhxv0bdm7236ixdwq1izzawbc7grm-gcc-13.2.0/lib/gcc/x86_64-unknown-linux-gnu/13.2.0/../../..] ==> [/nix/store/6g5fhxv0bdm7236ixdwq1izzawbc7grm-gcc-13.2.0/lib]
  implicit libs: [stdc++;m;c]
  implicit dirs: [/usr/lib;/usr/lib32;/nix/store/c10zhkbp6jmyh0xc5kd123ga8yy2p4hk-glibc-2.39-52/lib;/nix/store/6g5fhxv0bdm7236ixdwq1izzawbc7grm-gcc-13.2.0/lib/gcc/x86_64-unknown-linux-gnu/13.2.0;/nix/store/swcl0ynnia5c57i6qfdcrqa72j7877mg-gcc-13.2.0-lib/lib;/nix/store/r6k305g2rn0qqkvdxfvzqg7mhh7rw679-gcc-wrapper-13.2.0/bin;/nix/store/6g5fhxv0bdm7236ixdwq1izzawbc7grm-gcc-13.2.0/lib64;/nix/store/6g5fhxv0bdm7236ixdwq1izzawbc7grm-gcc-13.2.0/lib]
  implicit fwks: []




Detecting CXX [-std=c++14] compiler features compiled with the following output:
Change Dir: /scratch/anubhav/Coyote/examples_hw/build_hw_8/CMakeFiles/CMakeTmp

Run Build Command:"/usr/bin/make" "cmTC_28366/fast"
/usr/bin/make -f CMakeFiles/cmTC_28366.dir/build.make CMakeFiles/cmTC_28366.dir/build
make[1]: Entering directory '/scratch/anubhav/Coyote/examples_hw/build_hw_8/CMakeFiles/CMakeTmp'
Building CXX object CMakeFiles/cmTC_28366.dir/feature_tests.cxx.o
/usr/bin/c++    -std=c++14 -o CMakeFiles/cmTC_28366.dir/feature_tests.cxx.o -c /scratch/anubhav/Coyote/examples_hw/build_hw_8/CMakeFiles/feature_tests.cxx
Linking CXX executable cmTC_28366
/share/xilinx/Vitis/2022.1/tps/lnx64/cmake-3.3.2/bin/cmake -E cmake_link_script CMakeFiles/cmTC_28366.dir/link.txt --verbose=1
/usr/bin/c++        CMakeFiles/cmTC_28366.dir/feature_tests.cxx.o  -o cmTC_28366 -rdynamic 
make[1]: Leaving directory '/scratch/anubhav/Coyote/examples_hw/build_hw_8/CMakeFiles/CMakeTmp'


    Feature record: CXX_FEATURE:1cxx_aggregate_default_initializers
    Feature record: CXX_FEATURE:1cxx_alias_templates
    Feature record: CXX_FEATURE:1cxx_alignas
    Feature record: CXX_FEATURE:1cxx_alignof
    Feature record: CXX_FEATURE:1cxx_attributes
    Feature record: CXX_FEATURE:1cxx_attribute_deprecated
    Feature record: CXX_FEATURE:1cxx_auto_type
    Feature record: CXX_FEATURE:1cxx_binary_literals
    Feature record: CXX_FEATURE:1cxx_constexpr
    Feature record: CXX_FEATURE:1cxx_contextual_conversions
    Feature record: CXX_FEATURE:1cxx_decltype
    Feature record: CXX_FEATURE:1cxx_decltype_auto
    Feature record: CXX_FEATURE:1cxx_decltype_incomplete_return_types
    Feature record: CXX_FEATURE:1cxx_default_function_template_args
    Feature record: CXX_FEATURE:1cxx_defaulted_functions
    Feature record: CXX_FEATURE:1cxx_defaulted_move_initializers
    Feature record: CXX_FEATURE:1cxx_delegating_constructors
    Feature record: CXX_FEATURE:1cxx_deleted_functions
    Feature record: CXX_FEATURE:1cxx_digit_separators
    Feature record: CXX_FEATURE:1cxx_enum_forward_declarations
    Feature record: CXX_FEATURE:1cxx_explicit_conversions
    Feature record: CXX_FEATURE:1cxx_extended_friend_declarations
    Feature record: CXX_FEATURE:1cxx_extern_templates
    Feature record: CXX_FEATURE:1cxx_final
    Feature record: CXX_FEATURE:1cxx_func_identifier
    Feature record: CXX_FEATURE:1cxx_generalized_initializers
    Feature record: CXX_FEATURE:1cxx_generic_lambdas
    Feature record: CXX_FEATURE:1cxx_inheriting_constructors
    Feature record: CXX_FEATURE:1cxx_inline_namespaces
    Feature record: CXX_FEATURE:1cxx_lambdas
    Feature record: CXX_FEATURE:1cxx_lambda_init_captures
    Feature record: CXX_FEATURE:1cxx_local_type_template_args
    Feature record: CXX_FEATURE:1cxx_long_long_type
    Feature record: CXX_FEATURE:1cxx_noexcept
    Feature record: CXX_FEATURE:1cxx_nonstatic_member_init
    Feature record: CXX_FEATURE:1cxx_nullptr
    Feature record: CXX_FEATURE:1cxx_override
    Feature record: CXX_FEATURE:1cxx_range_for
    Feature record: CXX_FEATURE:1cxx_raw_string_literals
    Feature record: CXX_FEATURE:1cxx_reference_qualified_functions
    Feature record: CXX_FEATURE:1cxx_relaxed_constexpr
    Feature record: CXX_FEATURE:1cxx_return_type_deduction
    Feature record: CXX_FEATURE:1cxx_right_angle_brackets
    Feature record: CXX_FEATURE:1cxx_rvalue_references
    Feature record: CXX_FEATURE:1cxx_sizeof_member
    Feature record: CXX_FEATURE:1cxx_static_assert
    Feature record: CXX_FEATURE:1cxx_strong_enums
    Feature record: CXX_FEATURE:1cxx_template_template_parameters
    Feature record: CXX_FEATURE:1cxx_thread_local
    Feature record: CXX_FEATURE:1cxx_trailing_return_types
    Feature record: CXX_FEATURE:1cxx_unicode_literals
    Feature record: CXX_FEATURE:1cxx_uniform_initialization
    Feature record: CXX_FEATURE:1cxx_unrestricted_unions
    Feature record: CXX_FEATURE:1cxx_user_literals
    Feature record: CXX_FEATURE:1cxx_variable_templates
    Feature record: CXX_FEATURE:1cxx_variadic_macros
    Feature record: CXX_FEATURE:1cxx_variadic_templates


Detecting CXX [-std=c++11] compiler features compiled with the following output:
Change Dir: /scratch/anubhav/Coyote/examples_hw/build_hw_8/CMakeFiles/CMakeTmp

Run Build Command:"/usr/bin/make" "cmTC_b8c6e/fast"
/usr/bin/make -f CMakeFiles/cmTC_b8c6e.dir/build.make CMakeFiles/cmTC_b8c6e.dir/build
make[1]: Entering directory '/scratch/anubhav/Coyote/examples_hw/build_hw_8/CMakeFiles/CMakeTmp'
Building CXX object CMakeFiles/cmTC_b8c6e.dir/feature_tests.cxx.o
/usr/bin/c++    -std=c++11 -o CMakeFiles/cmTC_b8c6e.dir/feature_tests.cxx.o -c /scratch/anubhav/Coyote/examples_hw/build_hw_8/CMakeFiles/feature_tests.cxx
Linking CXX executable cmTC_b8c6e
/share/xilinx/Vitis/2022.1/tps/lnx64/cmake-3.3.2/bin/cmake -E cmake_link_script CMakeFiles/cmTC_b8c6e.dir/link.txt --verbose=1
/usr/bin/c++        CMakeFiles/cmTC_b8c6e.dir/feature_tests.cxx.o  -o cmTC_b8c6e -rdynamic 
make[1]: Leaving directory '/scratch/anubhav/Coyote/examples_hw/build_hw_8/CMakeFiles/CMakeTmp'


    Feature record: CXX_FEATURE:0cxx_aggregate_default_initializers
    Feature record: CXX_FEATURE:1cxx_alias_templates
    Feature record: CXX_FEATURE:1cxx_alignas
    Feature record: CXX_FEATURE:1cxx_alignof
    Feature record: CXX_FEATURE:1cxx_attributes
    Feature record: CXX_FEATURE:0cxx_attribute_deprecated
    Feature record: CXX_FEATURE:1cxx_auto_type
    Feature record: CXX_FEATURE:0cxx_binary_literals
    Feature record: CXX_FEATURE:1cxx_constexpr
    Feature record: CXX_FEATURE:0cxx_contextual_conversions
    Feature record: CXX_FEATURE:1cxx_decltype
    Feature record: CXX_FEATURE:0cxx_decltype_auto
    Feature record: CXX_FEATURE:1cxx_decltype_incomplete_return_types
    Feature record: CXX_FEATURE:1cxx_default_function_template_args
    Feature record: CXX_FEATURE:1cxx_defaulted_functions
    Feature record: CXX_FEATURE:1cxx_defaulted_move_initializers
    Feature record: CXX_FEATURE:1cxx_delegating_constructors
    Feature record: CXX_FEATURE:1cxx_deleted_functions
    Feature record: CXX_FEATURE:0cxx_digit_separators
    Feature record: CXX_FEATURE:1cxx_enum_forward_declarations
    Feature record: CXX_FEATURE:1cxx_explicit_conversions
    Feature record: CXX_FEATURE:1cxx_extended_friend_declarations
    Feature record: CXX_FEATURE:1cxx_extern_templates
    Feature record: CXX_FEATURE:1cxx_final
    Feature record: CXX_FEATURE:1cxx_func_identifier
    Feature record: CXX_FEATURE:1cxx_generalized_initializers
    Feature record: CXX_FEATURE:0cxx_generic_lambdas
    Feature record: CXX_FEATURE:1cxx_inheriting_constructors
    Feature record: CXX_FEATURE:1cxx_inline_namespaces
    Feature record: CXX_FEATURE:1cxx_lambdas
    Feature record: CXX_FEATURE:0cxx_lambda_init_captures
    Feature record: CXX_FEATURE:1cxx_local_type_template_args
    Feature record: CXX_FEATURE:1cxx_long_long_type
    Feature record: CXX_FEATURE:1cxx_noexcept
    Feature record: CXX_FEATURE:1cxx_nonstatic_member_init
    Feature record: CXX_FEATURE:1cxx_nullptr
    Feature record: CXX_FEATURE:1cxx_override
    Feature record: CXX_FEATURE:1cxx_range_for
    Feature record: CXX_FEATURE:1cxx_raw_string_literals
    Feature record: CXX_FEATURE:1cxx_reference_qualified_functions
    Feature record: CXX_FEATURE:0cxx_relaxed_constexpr
    Feature record: CXX_FEATURE:0cxx_return_type_deduction
    Feature record: CXX_FEATURE:1cxx_right_angle_brackets
    Feature record: CXX_FEATURE:1cxx_rvalue_references
    Feature record: CXX_FEATURE:1cxx_sizeof_member
    Feature record: CXX_FEATURE:1cxx_static_assert
    Feature record: CXX_FEATURE:1cxx_strong_enums
    Feature record: CXX_FEATURE:1cxx_template_template_parameters
    Feature record: CXX_FEATURE:1cxx_thread_local
    Feature record: CXX_FEATURE:1cxx_trailing_return_types
    Feature record: CXX_FEATURE:1cxx_unicode_literals
    Feature record: CXX_FEATURE:1cxx_uniform_initialization
    Feature record: CXX_FEATURE:1cxx_unrestricted_unions
    Feature record: CXX_FEATURE:1cxx_user_literals
    Feature record: CXX_FEATURE:0cxx_variable_templates
    Feature record: CXX_FEATURE:1cxx_variadic_macros
    Feature record: CXX_FEATURE:1cxx_variadic_templates


Detecting CXX [-std=c++98] compiler features compiled with the following output:
Change Dir: /scratch/anubhav/Coyote/examples_hw/build_hw_8/CMakeFiles/CMakeTmp

Run Build Command:"/usr/bin/make" "cmTC_6529c/fast"
/usr/bin/make -f CMakeFiles/cmTC_6529c.dir/build.make CMakeFiles/cmTC_6529c.dir/build
make[1]: Entering directory '/scratch/anubhav/Coyote/examples_hw/build_hw_8/CMakeFiles/CMakeTmp'
Building CXX object CMakeFiles/cmTC_6529c.dir/feature_tests.cxx.o
/usr/bin/c++    -std=c++98 -o CMakeFiles/cmTC_6529c.dir/feature_tests.cxx.o -c /scratch/anubhav/Coyote/examples_hw/build_hw_8/CMakeFiles/feature_tests.cxx
Linking CXX executable cmTC_6529c
/share/xilinx/Vitis/2022.1/tps/lnx64/cmake-3.3.2/bin/cmake -E cmake_link_script CMakeFiles/cmTC_6529c.dir/link.txt --verbose=1
/usr/bin/c++        CMakeFiles/cmTC_6529c.dir/feature_tests.cxx.o  -o cmTC_6529c -rdynamic 
make[1]: Leaving directory '/scratch/anubhav/Coyote/examples_hw/build_hw_8/CMakeFiles/CMakeTmp'


    Feature record: CXX_FEATURE:0cxx_aggregate_default_initializers
    Feature record: CXX_FEATURE:0cxx_alias_templates
    Feature record: CXX_FEATURE:0cxx_alignas
    Feature record: CXX_FEATURE:0cxx_alignof
    Feature record: CXX_FEATURE:0cxx_attributes
    Feature record: CXX_FEATURE:0cxx_attribute_deprecated
    Feature record: CXX_FEATURE:0cxx_auto_type
    Feature record: CXX_FEATURE:0cxx_binary_literals
    Feature record: CXX_FEATURE:0cxx_constexpr
    Feature record: CXX_FEATURE:0cxx_contextual_conversions
    Feature record: CXX_FEATURE:0cxx_decltype
    Feature record: CXX_FEATURE:0cxx_decltype_auto
    Feature record: CXX_FEATURE:0cxx_decltype_incomplete_return_types
    Feature record: CXX_FEATURE:0cxx_default_function_template_args
    Feature record: CXX_FEATURE:0cxx_defaulted_functions
    Feature record: CXX_FEATURE:0cxx_defaulted_move_initializers
    Feature record: CXX_FEATURE:0cxx_delegating_constructors
    Feature record: CXX_FEATURE:0cxx_deleted_functions
    Feature record: CXX_FEATURE:0cxx_digit_separators
    Feature record: CXX_FEATURE:0cxx_enum_forward_declarations
    Feature record: CXX_FEATURE:0cxx_explicit_conversions
    Feature record: CXX_FEATURE:0cxx_extended_friend_declarations
    Feature record: CXX_FEATURE:0cxx_extern_templates
    Feature record: CXX_FEATURE:0cxx_final
    Feature record: CXX_FEATURE:0cxx_func_identifier
    Feature record: CXX_FEATURE:0cxx_generalized_initializers
    Feature record: CXX_FEATURE:0cxx_generic_lambdas
    Feature record: CXX_FEATURE:0cxx_inheriting_constructors
    Feature record: CXX_FEATURE:0cxx_inline_namespaces
    Feature record: CXX_FEATURE:0cxx_lambdas
    Feature record: CXX_FEATURE:0cxx_lambda_init_captures
    Feature record: CXX_FEATURE:0cxx_local_type_template_args
    Feature record: CXX_FEATURE:0cxx_long_long_type
    Feature record: CXX_FEATURE:0cxx_noexcept
    Feature record: CXX_FEATURE:0cxx_nonstatic_member_init
    Feature record: CXX_FEATURE:0cxx_nullptr
    Feature record: CXX_FEATURE:0cxx_override
    Feature record: CXX_FEATURE:0cxx_range_for
    Feature record: CXX_FEATURE:0cxx_raw_string_literals
    Feature record: CXX_FEATURE:0cxx_reference_qualified_functions
    Feature record: CXX_FEATURE:0cxx_relaxed_constexpr
    Feature record: CXX_FEATURE:0cxx_return_type_deduction
    Feature record: CXX_FEATURE:0cxx_right_angle_brackets
    Feature record: CXX_FEATURE:0cxx_rvalue_references
    Feature record: CXX_FEATURE:0cxx_sizeof_member
    Feature record: CXX_FEATURE:0cxx_static_assert
    Feature record: CXX_FEATURE:0cxx_strong_enums
    Feature record: CXX_FEATURE:1cxx_template_template_parameters
    Feature record: CXX_FEATURE:0cxx_thread_local
    Feature record: CXX_FEATURE:0cxx_trailing_return_types
    Feature record: CXX_FEATURE:0cxx_unicode_literals
    Feature record: CXX_FEATURE:0cxx_uniform_initialization
    Feature record: CXX_FEATURE:0cxx_unrestricted_unions
    Feature record: CXX_FEATURE:0cxx_user_literals
    Feature record: CXX_FEATURE:0cxx_variable_templates
    Feature record: CXX_FEATURE:0cxx_variadic_macros
    Feature record: CXX_FEATURE:0cxx_variadic_templates
